2026-03-10 22:11:22 | ERROR    | app.core.middleware:70 | ✗ [db1c9cbc] POST /api/v1/categorias/ | 500 | 991.97ms | EXCEPCIÓN NO MANEJADA
  + Exception Group Traceback (most recent call last):
  |   File "/Users/samircabrera/Development/projects/BENJI/Kitchen-Display-System---KDS/Backend/venv/lib/python3.11/site-packages/starlette/_utils.py", line 81, in collapse_excgroups
  |     yield
  |   File "/Users/samircabrera/Development/projects/BENJI/Kitchen-Display-System---KDS/Backend/venv/lib/python3.11/site-packages/starlette/middleware/base.py", line 192, in __call__
  |     async with anyio.create_task_group() as task_group:
  |   File "/Users/samircabrera/Development/projects/BENJI/Kitchen-Display-System---KDS/Backend/venv/lib/python3.11/site-packages/anyio/_backends/_asyncio.py", line 783, in __aexit__
  |     raise BaseExceptionGroup(
  | ExceptionGroup: unhandled errors in a TaskGroup (1 sub-exception)
  +-+---------------- 1 ----------------
    | Traceback (most recent call last):
    |   File "/Users/samircabrera/Development/projects/BENJI/Kitchen-Display-System---KDS/Backend/app/core/middleware.py", line 67, in dispatch
    |     response: Response = await call_next(request)
    |   File "/Users/samircabrera/Development/projects/BENJI/Kitchen-Display-System---KDS/Backend/venv/lib/python3.11/site-packages/starlette/middleware/base.py", line 168, in call_next
    |     raise app_exc from app_exc.__cause__ or app_exc.__context__
    |   File "/Users/samircabrera/Development/projects/BENJI/Kitchen-Display-System---KDS/Backend/venv/lib/python3.11/site-packages/starlette/middleware/base.py", line 144, in coro
    |     await self.app(scope, receive_or_disconnect, send_no_error)
    |   File "/Users/samircabrera/Development/projects/BENJI/Kitchen-Display-System---KDS/Backend/venv/lib/python3.11/site-packages/starlette/middleware/base.py", line 191, in __call__
    |     with recv_stream, send_stream, collapse_excgroups():
    |   File "/opt/homebrew/Cellar/python@3.11/3.11.13/Frameworks/Python.framework/Versions/3.11/lib/python3.11/contextlib.py", line 158, in __exit__
    |     self.gen.throw(typ, value, traceback)
    |   File "/Users/samircabrera/Development/projects/BENJI/Kitchen-Display-System---KDS/Backend/venv/lib/python3.11/site-packages/starlette/_utils.py", line 87, in collapse_excgroups
    |     raise exc
    |   File "/Users/samircabrera/Development/projects/BENJI/Kitchen-Display-System---KDS/Backend/venv/lib/python3.11/site-packages/starlette/middleware/base.py", line 193, in __call__
    |     response = await self.dispatch_func(request, call_next)
    |   File "/Users/samircabrera/Development/projects/BENJI/Kitchen-Display-System---KDS/Backend/venv/lib/python3.11/site-packages/slowapi/middleware.py", line 128, in dispatch
    |     return await call_next(request)
    |   File "/Users/samircabrera/Development/projects/BENJI/Kitchen-Display-System---KDS/Backend/venv/lib/python3.11/site-packages/starlette/middleware/base.py", line 168, in call_next
    |     raise app_exc from app_exc.__cause__ or app_exc.__context__
    |   File "/Users/samircabrera/Development/projects/BENJI/Kitchen-Display-System---KDS/Backend/venv/lib/python3.11/site-packages/starlette/middleware/base.py", line 144, in coro
    |     await self.app(scope, receive_or_disconnect, send_no_error)
    |   File "/Users/samircabrera/Development/projects/BENJI/Kitchen-Display-System---KDS/Backend/venv/lib/python3.11/site-packages/starlette/middleware/exceptions.py", line 63, in __call__
    |     await wrap_app_handling_exceptions(self.app, conn)(scope, receive, send)
    |   File "/Users/samircabrera/Development/projects/BENJI/Kitchen-Display-System---KDS/Backend/venv/lib/python3.11/site-packages/starlette/_exception_handler.py", line 53, in wrapped_app
    |     raise exc
    |   File "/Users/samircabrera/Development/projects/BENJI/Kitchen-Display-System---KDS/Backend/venv/lib/python3.11/site-packages/starlette/_exception_handler.py", line 42, in wrapped_app
    |     await app(scope, receive, sender)
    |   File "/Users/samircabrera/Development/projects/BENJI/Kitchen-Display-System---KDS/Backend/venv/lib/python3.11/site-packages/fastapi/middleware/asyncexitstack.py", line 18, in __call__
    |     await self.app(scope, receive, send)
    |   File "/Users/samircabrera/Development/projects/BENJI/Kitchen-Display-System---KDS/Backend/venv/lib/python3.11/site-packages/starlette/routing.py", line 716, in __call__
    |     await self.middleware_stack(scope, receive, send)
    |   File "/Users/samircabrera/Development/projects/BENJI/Kitchen-Display-System---KDS/Backend/venv/lib/python3.11/site-packages/starlette/routing.py", line 736, in app
    |     await route.handle(scope, receive, send)
    |   File "/Users/samircabrera/Development/projects/BENJI/Kitchen-Display-System---KDS/Backend/venv/lib/python3.11/site-packages/starlette/routing.py", line 290, in handle
    |     await self.app(scope, receive, send)
    |   File "/Users/samircabrera/Development/projects/BENJI/Kitchen-Display-System---KDS/Backend/venv/lib/python3.11/site-packages/fastapi/routing.py", line 130, in app
    |     await wrap_app_handling_exceptions(app, request)(scope, receive, send)
    |   File "/Users/samircabrera/Development/projects/BENJI/Kitchen-Display-System---KDS/Backend/venv/lib/python3.11/site-packages/starlette/_exception_handler.py", line 53, in wrapped_app
    |     raise exc
    |   File "/Users/samircabrera/Development/projects/BENJI/Kitchen-Display-System---KDS/Backend/venv/lib/python3.11/site-packages/starlette/_exception_handler.py", line 42, in wrapped_app
    |     await app(scope, receive, sender)
    |   File "/Users/samircabrera/Development/projects/BENJI/Kitchen-Display-System---KDS/Backend/venv/lib/python3.11/site-packages/fastapi/routing.py", line 116, in app
    |     response = await f(request)
    |   File "/Users/samircabrera/Development/projects/BENJI/Kitchen-Display-System---KDS/Backend/venv/lib/python3.11/site-packages/fastapi/routing.py", line 670, in app
    |     raw_response = await run_endpoint_function(
    |   File "/Users/samircabrera/Development/projects/BENJI/Kitchen-Display-System---KDS/Backend/venv/lib/python3.11/site-packages/fastapi/routing.py", line 326, in run_endpoint_function
    |     return await run_in_threadpool(dependant.call, **values)
    |   File "/Users/samircabrera/Development/projects/BENJI/Kitchen-Display-System---KDS/Backend/venv/lib/python3.11/site-packages/starlette/concurrency.py", line 32, in run_in_threadpool
    |     return await anyio.to_thread.run_sync(func)
    |   File "/Users/samircabrera/Development/projects/BENJI/Kitchen-Display-System---KDS/Backend/venv/lib/python3.11/site-packages/anyio/to_thread.py", line 63, in run_sync
    |     return await get_async_backend().run_sync_in_worker_thread(
    |   File "/Users/samircabrera/Development/projects/BENJI/Kitchen-Display-System---KDS/Backend/venv/lib/python3.11/site-packages/anyio/_backends/_asyncio.py", line 2502, in run_sync_in_worker_thread
    |     return await future
    |   File "/Users/samircabrera/Development/projects/BENJI/Kitchen-Display-System---KDS/Backend/venv/lib/python3.11/site-packages/anyio/_backends/_asyncio.py", line 986, in run
    |     result = context.run(func, *args)
    |   File "/Users/samircabrera/Development/projects/BENJI/Kitchen-Display-System---KDS/Backend/venv/lib/python3.11/site-packages/slowapi/extension.py", line 766, in sync_wrapper
    |     response = func(*args, **kwargs)
    |   File "/Users/samircabrera/Development/projects/BENJI/Kitchen-Display-System---KDS/Backend/app/api/v1/categorias.py", line 171, in write_categoria
    |     nueva = create_categoria(db, internal)
    |   File "/Users/samircabrera/Development/projects/BENJI/Kitchen-Display-System---KDS/Backend/app/crud/crud_categorias.py", line 53, in create_categoria
    |     result = db.table(TABLE_NAME).insert(payload).execute()
    |   File "/Users/samircabrera/Development/projects/BENJI/Kitchen-Display-System---KDS/Backend/venv/lib/python3.11/site-packages/postgrest/_sync/request_builder.py", line 47, in execute
    |     r = self.request.send()
    |   File "/Users/samircabrera/Development/projects/BENJI/Kitchen-Display-System---KDS/Backend/venv/lib/python3.11/site-packages/postgrest/base_request_builder.py", line 82, in send
    |     return self.session.request(
    |   File "/Users/samircabrera/Development/projects/BENJI/Kitchen-Display-System---KDS/Backend/venv/lib/python3.11/site-packages/httpx/_client.py", line 812, in request
    |     request = self.build_request(
    |   File "/Users/samircabrera/Development/projects/BENJI/Kitchen-Display-System---KDS/Backend/venv/lib/python3.11/site-packages/httpx/_client.py", line 378, in build_request
    |     return Request(
    |   File "/Users/samircabrera/Development/projects/BENJI/Kitchen-Display-System---KDS/Backend/venv/lib/python3.11/site-packages/httpx/_models.py", line 408, in __init__
    |     headers, stream = encode_request(
    |   File "/Users/samircabrera/Development/projects/BENJI/Kitchen-Display-System---KDS/Backend/venv/lib/python3.11/site-packages/httpx/_content.py", line 216, in encode_request
    |     return encode_json(json)
    |   File "/Users/samircabrera/Development/projects/BENJI/Kitchen-Display-System---KDS/Backend/venv/lib/python3.11/site-packages/httpx/_content.py", line 177, in encode_json
    |     body = json_dumps(
    |   File "/opt/homebrew/Cellar/python@3.11/3.11.13/Frameworks/Python.framework/Versions/3.11/lib/python3.11/json/__init__.py", line 238, in dumps
    |     **kw).encode(obj)
    |   File "/opt/homebrew/Cellar/python@3.11/3.11.13/Frameworks/Python.framework/Versions/3.11/lib/python3.11/json/encoder.py", line 200, in encode
    |     chunks = self.iterencode(o, _one_shot=True)
    |   File "/opt/homebrew/Cellar/python@3.11/3.11.13/Frameworks/Python.framework/Versions/3.11/lib/python3.11/json/encoder.py", line 258, in iterencode
    |     return _iterencode(o, 0)
    |   File "/opt/homebrew/Cellar/python@3.11/3.11.13/Frameworks/Python.framework/Versions/3.11/lib/python3.11/json/encoder.py", line 180, in default
    |     raise TypeError(f'Object of type {o.__class__.__name__} '
    | TypeError: Object of type UUID is not JSON serializable
    +------------------------------------

The above exception was the direct cause of the following exception:

Traceback (most recent call last):
  File "<string>", line 1, in <module>
  File "/opt/homebrew/Cellar/python@3.11/3.11.13/Frameworks/Python.framework/Versions/3.11/lib/python3.11/multiprocessing/spawn.py", line 122, in spawn_main
    exitcode = _main(fd, parent_sentinel)
  File "/opt/homebrew/Cellar/python@3.11/3.11.13/Frameworks/Python.framework/Versions/3.11/lib/python3.11/multiprocessing/spawn.py", line 135, in _main
    return self._bootstrap(parent_sentinel)
  File "/opt/homebrew/Cellar/python@3.11/3.11.13/Frameworks/Python.framework/Versions/3.11/lib/python3.11/multiprocessing/process.py", line 314, in _bootstrap
    self.run()
  File "/opt/homebrew/Cellar/python@3.11/3.11.13/Frameworks/Python.framework/Versions/3.11/lib/python3.11/multiprocessing/process.py", line 108, in run
    self._target(*self._args, **self._kwargs)
  File "/Users/samircabrera/Development/projects/BENJI/Kitchen-Display-System---KDS/Backend/venv/lib/python3.11/site-packages/uvicorn/_subprocess.py", line 80, in subprocess_started
    target(sockets=sockets)
  File "/Users/samircabrera/Development/projects/BENJI/Kitchen-Display-System---KDS/Backend/venv/lib/python3.11/site-packages/uvicorn/server.py", line 75, in run
    return asyncio_run(self.serve(sockets=sockets), loop_factory=self.config.get_loop_factory())
  File "/Users/samircabrera/Development/projects/BENJI/Kitchen-Display-System---KDS/Backend/venv/lib/python3.11/site-packages/uvicorn/_compat.py", line 30, in asyncio_run
    return runner.run(main)
  File "/opt/homebrew/Cellar/python@3.11/3.11.13/Frameworks/Python.framework/Versions/3.11/lib/python3.11/asyncio/runners.py", line 118, in run
    return self._loop.run_until_complete(task)
  File "/Users/samircabrera/Development/projects/BENJI/Kitchen-Display-System---KDS/Backend/venv/lib/python3.11/site-packages/uvicorn/protocols/http/httptools_impl.py", line 416, in run_asgi
    result = await app(  # type: ignore[func-returns-value]
  File "/Users/samircabrera/Development/projects/BENJI/Kitchen-Display-System---KDS/Backend/venv/lib/python3.11/site-packages/uvicorn/middleware/proxy_headers.py", line 60, in __call__
    return await self.app(scope, receive, send)
  File "/Users/samircabrera/Development/projects/BENJI/Kitchen-Display-System---KDS/Backend/venv/lib/python3.11/site-packages/fastapi/applications.py", line 1160, in __call__
    await super().__call__(scope, receive, send)
  File "/Users/samircabrera/Development/projects/BENJI/Kitchen-Display-System---KDS/Backend/venv/lib/python3.11/site-packages/starlette/applications.py", line 107, in __call__
    await self.middleware_stack(scope, receive, send)
  File "/Users/samircabrera/Development/projects/BENJI/Kitchen-Display-System---KDS/Backend/venv/lib/python3.11/site-packages/starlette/middleware/errors.py", line 164, in __call__
    await self.app(scope, receive, _send)
  File "/Users/samircabrera/Development/projects/BENJI/Kitchen-Display-System---KDS/Backend/venv/lib/python3.11/site-packages/starlette/middleware/cors.py", line 95, in __call__
    await self.simple_response(scope, receive, send, request_headers=headers)
  File "/Users/samircabrera/Development/projects/BENJI/Kitchen-Display-System---KDS/Backend/venv/lib/python3.11/site-packages/starlette/middleware/cors.py", line 153, in simple_response
    await self.app(scope, receive, send)
  File "/Users/samircabrera/Development/projects/BENJI/Kitchen-Display-System---KDS/Backend/venv/lib/python3.11/site-packages/starlette/middleware/base.py", line 193, in __call__
    response = await self.dispatch_func(request, call_next)
> File "/Users/samircabrera/Development/projects/BENJI/Kitchen-Display-System---KDS/Backend/app/core/middleware.py", line 67, in dispatch
    response: Response = await call_next(request)
  File "/Users/samircabrera/Development/projects/BENJI/Kitchen-Display-System---KDS/Backend/venv/lib/python3.11/site-packages/starlette/middleware/base.py", line 168, in call_next
    raise app_exc from app_exc.__cause__ or app_exc.__context__
  File "/Users/samircabrera/Development/projects/BENJI/Kitchen-Display-System---KDS/Backend/venv/lib/python3.11/site-packages/starlette/middleware/base.py", line 144, in coro
    await self.app(scope, receive_or_disconnect, send_no_error)
  File "/Users/samircabrera/Development/projects/BENJI/Kitchen-Display-System---KDS/Backend/venv/lib/python3.11/site-packages/starlette/middleware/base.py", line 191, in __call__
    with recv_stream, send_stream, collapse_excgroups():
  File "/opt/homebrew/Cellar/python@3.11/3.11.13/Frameworks/Python.framework/Versions/3.11/lib/python3.11/contextlib.py", line 158, in __exit__
    self.gen.throw(typ, value, traceback)
  File "/Users/samircabrera/Development/projects/BENJI/Kitchen-Display-System---KDS/Backend/venv/lib/python3.11/site-packages/starlette/_utils.py", line 87, in collapse_excgroups
    raise exc
  File "/Users/samircabrera/Development/projects/BENJI/Kitchen-Display-System---KDS/Backend/venv/lib/python3.11/site-packages/starlette/middleware/base.py", line 193, in __call__
    response = await self.dispatch_func(request, call_next)
  File "/Users/samircabrera/Development/projects/BENJI/Kitchen-Display-System---KDS/Backend/venv/lib/python3.11/site-packages/slowapi/middleware.py", line 128, in dispatch
    return await call_next(request)
  File "/Users/samircabrera/Development/projects/BENJI/Kitchen-Display-System---KDS/Backend/venv/lib/python3.11/site-packages/starlette/middleware/base.py", line 168, in call_next
    raise app_exc from app_exc.__cause__ or app_exc.__context__
  File "/Users/samircabrera/Development/projects/BENJI/Kitchen-Display-System---KDS/Backend/venv/lib/python3.11/site-packages/starlette/middleware/base.py", line 144, in coro
    await self.app(scope, receive_or_disconnect, send_no_error)
  File "/Users/samircabrera/Development/projects/BENJI/Kitchen-Display-System---KDS/Backend/venv/lib/python3.11/site-packages/starlette/middleware/exceptions.py", line 63, in __call__
    await wrap_app_handling_exceptions(self.app, conn)(scope, receive, send)
  File "/Users/samircabrera/Development/projects/BENJI/Kitchen-Display-System---KDS/Backend/venv/lib/python3.11/site-packages/starlette/_exception_handler.py", line 53, in wrapped_app
    raise exc
  File "/Users/samircabrera/Development/projects/BENJI/Kitchen-Display-System---KDS/Backend/venv/lib/python3.11/site-packages/starlette/_exception_handler.py", line 42, in wrapped_app
    await app(scope, receive, sender)
  File "/Users/samircabrera/Development/projects/BENJI/Kitchen-Display-System---KDS/Backend/venv/lib/python3.11/site-packages/fastapi/middleware/asyncexitstack.py", line 18, in __call__
    await self.app(scope, receive, send)
  File "/Users/samircabrera/Development/projects/BENJI/Kitchen-Display-System---KDS/Backend/venv/lib/python3.11/site-packages/starlette/routing.py", line 716, in __call__
    await self.middleware_stack(scope, receive, send)
  File "/Users/samircabrera/Development/projects/BENJI/Kitchen-Display-System---KDS/Backend/venv/lib/python3.11/site-packages/starlette/routing.py", line 736, in app
    await route.handle(scope, receive, send)
  File "/Users/samircabrera/Development/projects/BENJI/Kitchen-Display-System---KDS/Backend/venv/lib/python3.11/site-packages/starlette/routing.py", line 290, in handle
    await self.app(scope, receive, send)
  File "/Users/samircabrera/Development/projects/BENJI/Kitchen-Display-System---KDS/Backend/venv/lib/python3.11/site-packages/fastapi/routing.py", line 130, in app
    await wrap_app_handling_exceptions(app, request)(scope, receive, send)
  File "/Users/samircabrera/Development/projects/BENJI/Kitchen-Display-System---KDS/Backend/venv/lib/python3.11/site-packages/starlette/_exception_handler.py", line 53, in wrapped_app
    raise exc
  File "/Users/samircabrera/Development/projects/BENJI/Kitchen-Display-System---KDS/Backend/venv/lib/python3.11/site-packages/starlette/_exception_handler.py", line 42, in wrapped_app
    await app(scope, receive, sender)
  File "/Users/samircabrera/Development/projects/BENJI/Kitchen-Display-System---KDS/Backend/venv/lib/python3.11/site-packages/fastapi/routing.py", line 116, in app
    response = await f(request)
  File "/Users/samircabrera/Development/projects/BENJI/Kitchen-Display-System---KDS/Backend/venv/lib/python3.11/site-packages/fastapi/routing.py", line 670, in app
    raw_response = await run_endpoint_function(
  File "/Users/samircabrera/Development/projects/BENJI/Kitchen-Display-System---KDS/Backend/venv/lib/python3.11/site-packages/fastapi/routing.py", line 326, in run_endpoint_function
    return await run_in_threadpool(dependant.call, **values)
  File "/Users/samircabrera/Development/projects/BENJI/Kitchen-Display-System---KDS/Backend/venv/lib/python3.11/site-packages/starlette/concurrency.py", line 32, in run_in_threadpool
    return await anyio.to_thread.run_sync(func)
  File "/Users/samircabrera/Development/projects/BENJI/Kitchen-Display-System---KDS/Backend/venv/lib/python3.11/site-packages/anyio/to_thread.py", line 63, in run_sync
    return await get_async_backend().run_sync_in_worker_thread(
  File "/Users/samircabrera/Development/projects/BENJI/Kitchen-Display-System---KDS/Backend/venv/lib/python3.11/site-packages/anyio/_backends/_asyncio.py", line 2502, in run_sync_in_worker_thread
    return await future
  File "/Users/samircabrera/Development/projects/BENJI/Kitchen-Display-System---KDS/Backend/venv/lib/python3.11/site-packages/anyio/_backends/_asyncio.py", line 986, in run
    result = context.run(func, *args)
  File "/Users/samircabrera/Development/projects/BENJI/Kitchen-Display-System---KDS/Backend/venv/lib/python3.11/site-packages/slowapi/extension.py", line 766, in sync_wrapper
    response = func(*args, **kwargs)
  File "/Users/samircabrera/Development/projects/BENJI/Kitchen-Display-System---KDS/Backend/app/api/v1/categorias.py", line 171, in write_categoria
    nueva = create_categoria(db, internal)
  File "/Users/samircabrera/Development/projects/BENJI/Kitchen-Display-System---KDS/Backend/app/crud/crud_categorias.py", line 53, in create_categoria
    result = db.table(TABLE_NAME).insert(payload).execute()
  File "/Users/samircabrera/Development/projects/BENJI/Kitchen-Display-System---KDS/Backend/venv/lib/python3.11/site-packages/postgrest/_sync/request_builder.py", line 47, in execute
    r = self.request.send()
  File "/Users/samircabrera/Development/projects/BENJI/Kitchen-Display-System---KDS/Backend/venv/lib/python3.11/site-packages/postgrest/base_request_builder.py", line 82, in send
    return self.session.request(
  File "/Users/samircabrera/Development/projects/BENJI/Kitchen-Display-System---KDS/Backend/venv/lib/python3.11/site-packages/httpx/_client.py", line 812, in request
    request = self.build_request(
  File "/Users/samircabrera/Development/projects/BENJI/Kitchen-Display-System---KDS/Backend/venv/lib/python3.11/site-packages/httpx/_client.py", line 378, in build_request
    return Request(
  File "/Users/samircabrera/Development/projects/BENJI/Kitchen-Display-System---KDS/Backend/venv/lib/python3.11/site-packages/httpx/_models.py", line 408, in __init__
    headers, stream = encode_request(
  File "/Users/samircabrera/Development/projects/BENJI/Kitchen-Display-System---KDS/Backend/venv/lib/python3.11/site-packages/httpx/_content.py", line 216, in encode_request
    return encode_json(json)
  File "/Users/samircabrera/Development/projects/BENJI/Kitchen-Display-System---KDS/Backend/venv/lib/python3.11/site-packages/httpx/_content.py", line 177, in encode_json
    body = json_dumps(
  File "/opt/homebrew/Cellar/python@3.11/3.11.13/Frameworks/Python.framework/Versions/3.11/lib/python3.11/json/__init__.py", line 238, in dumps
    **kw).encode(obj)
  File "/opt/homebrew/Cellar/python@3.11/3.11.13/Frameworks/Python.framework/Versions/3.11/lib/python3.11/json/encoder.py", line 200, in encode
    chunks = self.iterencode(o, _one_shot=True)
  File "/opt/homebrew/Cellar/python@3.11/3.11.13/Frameworks/Python.framework/Versions/3.11/lib/python3.11/json/encoder.py", line 258, in iterencode
    return _iterencode(o, 0)
  File "/opt/homebrew/Cellar/python@3.11/3.11.13/Frameworks/Python.framework/Versions/3.11/lib/python3.11/json/encoder.py", line 180, in default
    raise TypeError(f'Object of type {o.__class__.__name__} '
TypeError: Object of type UUID is not JSON serializable
2026-03-10 22:11:22 | ERROR    | app.main:122 | Excepción no manejada | POST /api/v1/categorias/ | TypeError: Object of type UUID is not JSON serializable
  + Exception Group Traceback (most recent call last):
  |   File "/Users/samircabrera/Development/projects/BENJI/Kitchen-Display-System---KDS/Backend/venv/lib/python3.11/site-packages/starlette/_utils.py", line 81, in collapse_excgroups
  |     yield
  |   File "/Users/samircabrera/Development/projects/BENJI/Kitchen-Display-System---KDS/Backend/venv/lib/python3.11/site-packages/starlette/middleware/base.py", line 192, in __call__
  |     async with anyio.create_task_group() as task_group:
  |   File "/Users/samircabrera/Development/projects/BENJI/Kitchen-Display-System---KDS/Backend/venv/lib/python3.11/site-packages/anyio/_backends/_asyncio.py", line 783, in __aexit__
  |     raise BaseExceptionGroup(
  | ExceptionGroup: unhandled errors in a TaskGroup (1 sub-exception)
  +-+---------------- 1 ----------------
    | Traceback (most recent call last):
    |   File "/Users/samircabrera/Development/projects/BENJI/Kitchen-Display-System---KDS/Backend/venv/lib/python3.11/site-packages/starlette/middleware/errors.py", line 164, in __call__
    |     await self.app(scope, receive, _send)
    |   File "/Users/samircabrera/Development/projects/BENJI/Kitchen-Display-System---KDS/Backend/venv/lib/python3.11/site-packages/starlette/middleware/cors.py", line 95, in __call__
    |     await self.simple_response(scope, receive, send, request_headers=headers)
    |   File "/Users/samircabrera/Development/projects/BENJI/Kitchen-Display-System---KDS/Backend/venv/lib/python3.11/site-packages/starlette/middleware/cors.py", line 153, in simple_response
    |     await self.app(scope, receive, send)
    |   File "/Users/samircabrera/Development/projects/BENJI/Kitchen-Display-System---KDS/Backend/venv/lib/python3.11/site-packages/starlette/middleware/base.py", line 191, in __call__
    |     with recv_stream, send_stream, collapse_excgroups():
    |   File "/opt/homebrew/Cellar/python@3.11/3.11.13/Frameworks/Python.framework/Versions/3.11/lib/python3.11/contextlib.py", line 158, in __exit__
    |     self.gen.throw(typ, value, traceback)
    |   File "/Users/samircabrera/Development/projects/BENJI/Kitchen-Display-System---KDS/Backend/venv/lib/python3.11/site-packages/starlette/_utils.py", line 87, in collapse_excgroups
    |     raise exc
    |   File "/Users/samircabrera/Development/projects/BENJI/Kitchen-Display-System---KDS/Backend/venv/lib/python3.11/site-packages/starlette/middleware/base.py", line 193, in __call__
    |     response = await self.dispatch_func(request, call_next)
    |   File "/Users/samircabrera/Development/projects/BENJI/Kitchen-Display-System---KDS/Backend/app/core/middleware.py", line 67, in dispatch
    |     response: Response = await call_next(request)
    |   File "/Users/samircabrera/Development/projects/BENJI/Kitchen-Display-System---KDS/Backend/venv/lib/python3.11/site-packages/starlette/middleware/base.py", line 168, in call_next
    |     raise app_exc from app_exc.__cause__ or app_exc.__context__
    |   File "/Users/samircabrera/Development/projects/BENJI/Kitchen-Display-System---KDS/Backend/venv/lib/python3.11/site-packages/starlette/middleware/base.py", line 144, in coro
    |     await self.app(scope, receive_or_disconnect, send_no_error)
    |   File "/Users/samircabrera/Development/projects/BENJI/Kitchen-Display-System---KDS/Backend/venv/lib/python3.11/site-packages/starlette/middleware/base.py", line 191, in __call__
    |     with recv_stream, send_stream, collapse_excgroups():
    |   File "/opt/homebrew/Cellar/python@3.11/3.11.13/Frameworks/Python.framework/Versions/3.11/lib/python3.11/contextlib.py", line 158, in __exit__
    |     self.gen.throw(typ, value, traceback)
    |   File "/Users/samircabrera/Development/projects/BENJI/Kitchen-Display-System---KDS/Backend/venv/lib/python3.11/site-packages/starlette/_utils.py", line 87, in collapse_excgroups
    |     raise exc
    |   File "/Users/samircabrera/Development/projects/BENJI/Kitchen-Display-System---KDS/Backend/venv/lib/python3.11/site-packages/starlette/middleware/base.py", line 193, in __call__
    |     response = await self.dispatch_func(request, call_next)
    |   File "/Users/samircabrera/Development/projects/BENJI/Kitchen-Display-System---KDS/Backend/venv/lib/python3.11/site-packages/slowapi/middleware.py", line 128, in dispatch
    |     return await call_next(request)
    |   File "/Users/samircabrera/Development/projects/BENJI/Kitchen-Display-System---KDS/Backend/venv/lib/python3.11/site-packages/starlette/middleware/base.py", line 168, in call_next
    |     raise app_exc from app_exc.__cause__ or app_exc.__context__
    |   File "/Users/samircabrera/Development/projects/BENJI/Kitchen-Display-System---KDS/Backend/venv/lib/python3.11/site-packages/starlette/middleware/base.py", line 144, in coro
    |     await self.app(scope, receive_or_disconnect, send_no_error)
    |   File "/Users/samircabrera/Development/projects/BENJI/Kitchen-Display-System---KDS/Backend/venv/lib/python3.11/site-packages/starlette/middleware/exceptions.py", line 63, in __call__
    |     await wrap_app_handling_exceptions(self.app, conn)(scope, receive, send)
    |   File "/Users/samircabrera/Development/projects/BENJI/Kitchen-Display-System---KDS/Backend/venv/lib/python3.11/site-packages/starlette/_exception_handler.py", line 53, in wrapped_app
    |     raise exc
    |   File "/Users/samircabrera/Development/projects/BENJI/Kitchen-Display-System---KDS/Backend/venv/lib/python3.11/site-packages/starlette/_exception_handler.py", line 42, in wrapped_app
    |     await app(scope, receive, sender)
    |   File "/Users/samircabrera/Development/projects/BENJI/Kitchen-Display-System---KDS/Backend/venv/lib/python3.11/site-packages/fastapi/middleware/asyncexitstack.py", line 18, in __call__
    |     await self.app(scope, receive, send)
    |   File "/Users/samircabrera/Development/projects/BENJI/Kitchen-Display-System---KDS/Backend/venv/lib/python3.11/site-packages/starlette/routing.py", line 716, in __call__
    |     await self.middleware_stack(scope, receive, send)
    |   File "/Users/samircabrera/Development/projects/BENJI/Kitchen-Display-System---KDS/Backend/venv/lib/python3.11/site-packages/starlette/routing.py", line 736, in app
    |     await route.handle(scope, receive, send)
    |   File "/Users/samircabrera/Development/projects/BENJI/Kitchen-Display-System---KDS/Backend/venv/lib/python3.11/site-packages/starlette/routing.py", line 290, in handle
    |     await self.app(scope, receive, send)
    |   File "/Users/samircabrera/Development/projects/BENJI/Kitchen-Display-System---KDS/Backend/venv/lib/python3.11/site-packages/fastapi/routing.py", line 130, in app
    |     await wrap_app_handling_exceptions(app, request)(scope, receive, send)
    |   File "/Users/samircabrera/Development/projects/BENJI/Kitchen-Display-System---KDS/Backend/venv/lib/python3.11/site-packages/starlette/_exception_handler.py", line 53, in wrapped_app
    |     raise exc
    |   File "/Users/samircabrera/Development/projects/BENJI/Kitchen-Display-System---KDS/Backend/venv/lib/python3.11/site-packages/starlette/_exception_handler.py", line 42, in wrapped_app
    |     await app(scope, receive, sender)
    |   File "/Users/samircabrera/Development/projects/BENJI/Kitchen-Display-System---KDS/Backend/venv/lib/python3.11/site-packages/fastapi/routing.py", line 116, in app
    |     response = await f(request)
    |   File "/Users/samircabrera/Development/projects/BENJI/Kitchen-Display-System---KDS/Backend/venv/lib/python3.11/site-packages/fastapi/routing.py", line 670, in app
    |     raw_response = await run_endpoint_function(
    |   File "/Users/samircabrera/Development/projects/BENJI/Kitchen-Display-System---KDS/Backend/venv/lib/python3.11/site-packages/fastapi/routing.py", line 326, in run_endpoint_function
    |     return await run_in_threadpool(dependant.call, **values)
    |   File "/Users/samircabrera/Development/projects/BENJI/Kitchen-Display-System---KDS/Backend/venv/lib/python3.11/site-packages/starlette/concurrency.py", line 32, in run_in_threadpool
    |     return await anyio.to_thread.run_sync(func)
    |   File "/Users/samircabrera/Development/projects/BENJI/Kitchen-Display-System---KDS/Backend/venv/lib/python3.11/site-packages/anyio/to_thread.py", line 63, in run_sync
    |     return await get_async_backend().run_sync_in_worker_thread(
    |   File "/Users/samircabrera/Development/projects/BENJI/Kitchen-Display-System---KDS/Backend/venv/lib/python3.11/site-packages/anyio/_backends/_asyncio.py", line 2502, in run_sync_in_worker_thread
    |     return await future
    |   File "/Users/samircabrera/Development/projects/BENJI/Kitchen-Display-System---KDS/Backend/venv/lib/python3.11/site-packages/anyio/_backends/_asyncio.py", line 986, in run
    |     result = context.run(func, *args)
    |   File "/Users/samircabrera/Development/projects/BENJI/Kitchen-Display-System---KDS/Backend/venv/lib/python3.11/site-packages/slowapi/extension.py", line 766, in sync_wrapper
    |     response = func(*args, **kwargs)
    |   File "/Users/samircabrera/Development/projects/BENJI/Kitchen-Display-System---KDS/Backend/app/api/v1/categorias.py", line 171, in write_categoria
    |     nueva = create_categoria(db, internal)
    |   File "/Users/samircabrera/Development/projects/BENJI/Kitchen-Display-System---KDS/Backend/app/crud/crud_categorias.py", line 53, in create_categoria
    |     result = db.table(TABLE_NAME).insert(payload).execute()
    |   File "/Users/samircabrera/Development/projects/BENJI/Kitchen-Display-System---KDS/Backend/venv/lib/python3.11/site-packages/postgrest/_sync/request_builder.py", line 47, in execute
    |     r = self.request.send()
    |   File "/Users/samircabrera/Development/projects/BENJI/Kitchen-Display-System---KDS/Backend/venv/lib/python3.11/site-packages/postgrest/base_request_builder.py", line 82, in send
    |     return self.session.request(
    |   File "/Users/samircabrera/Development/projects/BENJI/Kitchen-Display-System---KDS/Backend/venv/lib/python3.11/site-packages/httpx/_client.py", line 812, in request
    |     request = self.build_request(
    |   File "/Users/samircabrera/Development/projects/BENJI/Kitchen-Display-System---KDS/Backend/venv/lib/python3.11/site-packages/httpx/_client.py", line 378, in build_request
    |     return Request(
    |   File "/Users/samircabrera/Development/projects/BENJI/Kitchen-Display-System---KDS/Backend/venv/lib/python3.11/site-packages/httpx/_models.py", line 408, in __init__
    |     headers, stream = encode_request(
    |   File "/Users/samircabrera/Development/projects/BENJI/Kitchen-Display-System---KDS/Backend/venv/lib/python3.11/site-packages/httpx/_content.py", line 216, in encode_request
    |     return encode_json(json)
    |   File "/Users/samircabrera/Development/projects/BENJI/Kitchen-Display-System---KDS/Backend/venv/lib/python3.11/site-packages/httpx/_content.py", line 177, in encode_json
    |     body = json_dumps(
    |   File "/opt/homebrew/Cellar/python@3.11/3.11.13/Frameworks/Python.framework/Versions/3.11/lib/python3.11/json/__init__.py", line 238, in dumps
    |     **kw).encode(obj)
    |   File "/opt/homebrew/Cellar/python@3.11/3.11.13/Frameworks/Python.framework/Versions/3.11/lib/python3.11/json/encoder.py", line 200, in encode
    |     chunks = self.iterencode(o, _one_shot=True)
    |   File "/opt/homebrew/Cellar/python@3.11/3.11.13/Frameworks/Python.framework/Versions/3.11/lib/python3.11/json/encoder.py", line 258, in iterencode
    |     return _iterencode(o, 0)
    |   File "/opt/homebrew/Cellar/python@3.11/3.11.13/Frameworks/Python.framework/Versions/3.11/lib/python3.11/json/encoder.py", line 180, in default
    |     raise TypeError(f'Object of type {o.__class__.__name__} '
    | TypeError: Object of type UUID is not JSON serializable
    +------------------------------------

The above exception was the direct cause of the following exception:

Traceback (most recent call last):
  File "<string>", line 1, in <module>
  File "/opt/homebrew/Cellar/python@3.11/3.11.13/Frameworks/Python.framework/Versions/3.11/lib/python3.11/multiprocessing/spawn.py", line 122, in spawn_main
    exitcode = _main(fd, parent_sentinel)
  File "/opt/homebrew/Cellar/python@3.11/3.11.13/Frameworks/Python.framework/Versions/3.11/lib/python3.11/multiprocessing/spawn.py", line 135, in _main
    return self._bootstrap(parent_sentinel)
  File "/opt/homebrew/Cellar/python@3.11/3.11.13/Frameworks/Python.framework/Versions/3.11/lib/python3.11/multiprocessing/process.py", line 314, in _bootstrap
    self.run()
  File "/opt/homebrew/Cellar/python@3.11/3.11.13/Frameworks/Python.framework/Versions/3.11/lib/python3.11/multiprocessing/process.py", line 108, in run
    self._target(*self._args, **self._kwargs)
  File "/Users/samircabrera/Development/projects/BENJI/Kitchen-Display-System---KDS/Backend/venv/lib/python3.11/site-packages/uvicorn/_subprocess.py", line 80, in subprocess_started
    target(sockets=sockets)
  File "/Users/samircabrera/Development/projects/BENJI/Kitchen-Display-System---KDS/Backend/venv/lib/python3.11/site-packages/uvicorn/server.py", line 75, in run
    return asyncio_run(self.serve(sockets=sockets), loop_factory=self.config.get_loop_factory())
  File "/Users/samircabrera/Development/projects/BENJI/Kitchen-Display-System---KDS/Backend/venv/lib/python3.11/site-packages/uvicorn/_compat.py", line 30, in asyncio_run
    return runner.run(main)
  File "/opt/homebrew/Cellar/python@3.11/3.11.13/Frameworks/Python.framework/Versions/3.11/lib/python3.11/asyncio/runners.py", line 118, in run
    return self._loop.run_until_complete(task)
  File "/Users/samircabrera/Development/projects/BENJI/Kitchen-Display-System---KDS/Backend/venv/lib/python3.11/site-packages/uvicorn/protocols/http/httptools_impl.py", line 416, in run_asgi
    result = await app(  # type: ignore[func-returns-value]
  File "/Users/samircabrera/Development/projects/BENJI/Kitchen-Display-System---KDS/Backend/venv/lib/python3.11/site-packages/uvicorn/middleware/proxy_headers.py", line 60, in __call__
    return await self.app(scope, receive, send)
  File "/Users/samircabrera/Development/projects/BENJI/Kitchen-Display-System---KDS/Backend/venv/lib/python3.11/site-packages/fastapi/applications.py", line 1160, in __call__
    await super().__call__(scope, receive, send)
  File "/Users/samircabrera/Development/projects/BENJI/Kitchen-Display-System---KDS/Backend/venv/lib/python3.11/site-packages/starlette/applications.py", line 107, in __call__
    await self.middleware_stack(scope, receive, send)
> File "/Users/samircabrera/Development/projects/BENJI/Kitchen-Display-System---KDS/Backend/venv/lib/python3.11/site-packages/starlette/middleware/errors.py", line 164, in __call__
    await self.app(scope, receive, _send)
  File "/Users/samircabrera/Development/projects/BENJI/Kitchen-Display-System---KDS/Backend/venv/lib/python3.11/site-packages/starlette/middleware/cors.py", line 95, in __call__
    await self.simple_response(scope, receive, send, request_headers=headers)
  File "/Users/samircabrera/Development/projects/BENJI/Kitchen-Display-System---KDS/Backend/venv/lib/python3.11/site-packages/starlette/middleware/cors.py", line 153, in simple_response
    await self.app(scope, receive, send)
  File "/Users/samircabrera/Development/projects/BENJI/Kitchen-Display-System---KDS/Backend/venv/lib/python3.11/site-packages/starlette/middleware/base.py", line 191, in __call__
    with recv_stream, send_stream, collapse_excgroups():
  File "/opt/homebrew/Cellar/python@3.11/3.11.13/Frameworks/Python.framework/Versions/3.11/lib/python3.11/contextlib.py", line 158, in __exit__
    self.gen.throw(typ, value, traceback)
  File "/Users/samircabrera/Development/projects/BENJI/Kitchen-Display-System---KDS/Backend/venv/lib/python3.11/site-packages/starlette/_utils.py", line 87, in collapse_excgroups
    raise exc
  File "/Users/samircabrera/Development/projects/BENJI/Kitchen-Display-System---KDS/Backend/venv/lib/python3.11/site-packages/starlette/middleware/base.py", line 193, in __call__
    response = await self.dispatch_func(request, call_next)
  File "/Users/samircabrera/Development/projects/BENJI/Kitchen-Display-System---KDS/Backend/app/core/middleware.py", line 67, in dispatch
    response: Response = await call_next(request)
  File "/Users/samircabrera/Development/projects/BENJI/Kitchen-Display-System---KDS/Backend/venv/lib/python3.11/site-packages/starlette/middleware/base.py", line 168, in call_next
    raise app_exc from app_exc.__cause__ or app_exc.__context__
  File "/Users/samircabrera/Development/projects/BENJI/Kitchen-Display-System---KDS/Backend/venv/lib/python3.11/site-packages/starlette/middleware/base.py", line 144, in coro
    await self.app(scope, receive_or_disconnect, send_no_error)
  File "/Users/samircabrera/Development/projects/BENJI/Kitchen-Display-System---KDS/Backend/venv/lib/python3.11/site-packages/starlette/middleware/base.py", line 191, in __call__
    with recv_stream, send_stream, collapse_excgroups():
  File "/opt/homebrew/Cellar/python@3.11/3.11.13/Frameworks/Python.framework/Versions/3.11/lib/python3.11/contextlib.py", line 158, in __exit__
    self.gen.throw(typ, value, traceback)
  File "/Users/samircabrera/Development/projects/BENJI/Kitchen-Display-System---KDS/Backend/venv/lib/python3.11/site-packages/starlette/_utils.py", line 87, in collapse_excgroups
    raise exc
  File "/Users/samircabrera/Development/projects/BENJI/Kitchen-Display-System---KDS/Backend/venv/lib/python3.11/site-packages/starlette/middleware/base.py", line 193, in __call__
    response = await self.dispatch_func(request, call_next)
  File "/Users/samircabrera/Development/projects/BENJI/Kitchen-Display-System---KDS/Backend/venv/lib/python3.11/site-packages/slowapi/middleware.py", line 128, in dispatch
    return await call_next(request)
  File "/Users/samircabrera/Development/projects/BENJI/Kitchen-Display-System---KDS/Backend/venv/lib/python3.11/site-packages/starlette/middleware/base.py", line 168, in call_next
    raise app_exc from app_exc.__cause__ or app_exc.__context__
  File "/Users/samircabrera/Development/projects/BENJI/Kitchen-Display-System---KDS/Backend/venv/lib/python3.11/site-packages/starlette/middleware/base.py", line 144, in coro
    await self.app(scope, receive_or_disconnect, send_no_error)
  File "/Users/samircabrera/Development/projects/BENJI/Kitchen-Display-System---KDS/Backend/venv/lib/python3.11/site-packages/starlette/middleware/exceptions.py", line 63, in __call__
    await wrap_app_handling_exceptions(self.app, conn)(scope, receive, send)
  File "/Users/samircabrera/Development/projects/BENJI/Kitchen-Display-System---KDS/Backend/venv/lib/python3.11/site-packages/starlette/_exception_handler.py", line 53, in wrapped_app
    raise exc
  File "/Users/samircabrera/Development/projects/BENJI/Kitchen-Display-System---KDS/Backend/venv/lib/python3.11/site-packages/starlette/_exception_handler.py", line 42, in wrapped_app
    await app(scope, receive, sender)
  File "/Users/samircabrera/Development/projects/BENJI/Kitchen-Display-System---KDS/Backend/venv/lib/python3.11/site-packages/fastapi/middleware/asyncexitstack.py", line 18, in __call__
    await self.app(scope, receive, send)
  File "/Users/samircabrera/Development/projects/BENJI/Kitchen-Display-System---KDS/Backend/venv/lib/python3.11/site-packages/starlette/routing.py", line 716, in __call__
    await self.middleware_stack(scope, receive, send)
  File "/Users/samircabrera/Development/projects/BENJI/Kitchen-Display-System---KDS/Backend/venv/lib/python3.11/site-packages/starlette/routing.py", line 736, in app
    await route.handle(scope, receive, send)
  File "/Users/samircabrera/Development/projects/BENJI/Kitchen-Display-System---KDS/Backend/venv/lib/python3.11/site-packages/starlette/routing.py", line 290, in handle
    await self.app(scope, receive, send)
  File "/Users/samircabrera/Development/projects/BENJI/Kitchen-Display-System---KDS/Backend/venv/lib/python3.11/site-packages/fastapi/routing.py", line 130, in app
    await wrap_app_handling_exceptions(app, request)(scope, receive, send)
  File "/Users/samircabrera/Development/projects/BENJI/Kitchen-Display-System---KDS/Backend/venv/lib/python3.11/site-packages/starlette/_exception_handler.py", line 53, in wrapped_app
    raise exc
  File "/Users/samircabrera/Development/projects/BENJI/Kitchen-Display-System---KDS/Backend/venv/lib/python3.11/site-packages/starlette/_exception_handler.py", line 42, in wrapped_app
    await app(scope, receive, sender)
  File "/Users/samircabrera/Development/projects/BENJI/Kitchen-Display-System---KDS/Backend/venv/lib/python3.11/site-packages/fastapi/routing.py", line 116, in app
    response = await f(request)
  File "/Users/samircabrera/Development/projects/BENJI/Kitchen-Display-System---KDS/Backend/venv/lib/python3.11/site-packages/fastapi/routing.py", line 670, in app
    raw_response = await run_endpoint_function(
  File "/Users/samircabrera/Development/projects/BENJI/Kitchen-Display-System---KDS/Backend/venv/lib/python3.11/site-packages/fastapi/routing.py", line 326, in run_endpoint_function
    return await run_in_threadpool(dependant.call, **values)
  File "/Users/samircabrera/Development/projects/BENJI/Kitchen-Display-System---KDS/Backend/venv/lib/python3.11/site-packages/starlette/concurrency.py", line 32, in run_in_threadpool
    return await anyio.to_thread.run_sync(func)
  File "/Users/samircabrera/Development/projects/BENJI/Kitchen-Display-System---KDS/Backend/venv/lib/python3.11/site-packages/anyio/to_thread.py", line 63, in run_sync
    return await get_async_backend().run_sync_in_worker_thread(
  File "/Users/samircabrera/Development/projects/BENJI/Kitchen-Display-System---KDS/Backend/venv/lib/python3.11/site-packages/anyio/_backends/_asyncio.py", line 2502, in run_sync_in_worker_thread
    return await future
  File "/Users/samircabrera/Development/projects/BENJI/Kitchen-Display-System---KDS/Backend/venv/lib/python3.11/site-packages/anyio/_backends/_asyncio.py", line 986, in run
    result = context.run(func, *args)
  File "/Users/samircabrera/Development/projects/BENJI/Kitchen-Display-System---KDS/Backend/venv/lib/python3.11/site-packages/slowapi/extension.py", line 766, in sync_wrapper
    response = func(*args, **kwargs)
  File "/Users/samircabrera/Development/projects/BENJI/Kitchen-Display-System---KDS/Backend/app/api/v1/categorias.py", line 171, in write_categoria
    nueva = create_categoria(db, internal)
  File "/Users/samircabrera/Development/projects/BENJI/Kitchen-Display-System---KDS/Backend/app/crud/crud_categorias.py", line 53, in create_categoria
    result = db.table(TABLE_NAME).insert(payload).execute()
  File "/Users/samircabrera/Development/projects/BENJI/Kitchen-Display-System---KDS/Backend/venv/lib/python3.11/site-packages/postgrest/_sync/request_builder.py", line 47, in execute
    r = self.request.send()
  File "/Users/samircabrera/Development/projects/BENJI/Kitchen-Display-System---KDS/Backend/venv/lib/python3.11/site-packages/postgrest/base_request_builder.py", line 82, in send
    return self.session.request(
  File "/Users/samircabrera/Development/projects/BENJI/Kitchen-Display-System---KDS/Backend/venv/lib/python3.11/site-packages/httpx/_client.py", line 812, in request
    request = self.build_request(
  File "/Users/samircabrera/Development/projects/BENJI/Kitchen-Display-System---KDS/Backend/venv/lib/python3.11/site-packages/httpx/_client.py", line 378, in build_request
    return Request(
  File "/Users/samircabrera/Development/projects/BENJI/Kitchen-Display-System---KDS/Backend/venv/lib/python3.11/site-packages/httpx/_models.py", line 408, in __init__
    headers, stream = encode_request(
  File "/Users/samircabrera/Development/projects/BENJI/Kitchen-Display-System---KDS/Backend/venv/lib/python3.11/site-packages/httpx/_content.py", line 216, in encode_request
    return encode_json(json)
  File "/Users/samircabrera/Development/projects/BENJI/Kitchen-Display-System---KDS/Backend/venv/lib/python3.11/site-packages/httpx/_content.py", line 177, in encode_json
    body = json_dumps(
  File "/opt/homebrew/Cellar/python@3.11/3.11.13/Frameworks/Python.framework/Versions/3.11/lib/python3.11/json/__init__.py", line 238, in dumps
    **kw).encode(obj)
  File "/opt/homebrew/Cellar/python@3.11/3.11.13/Frameworks/Python.framework/Versions/3.11/lib/python3.11/json/encoder.py", line 200, in encode
    chunks = self.iterencode(o, _one_shot=True)
  File "/opt/homebrew/Cellar/python@3.11/3.11.13/Frameworks/Python.framework/Versions/3.11/lib/python3.11/json/encoder.py", line 258, in iterencode
    return _iterencode(o, 0)
  File "/opt/homebrew/Cellar/python@3.11/3.11.13/Frameworks/Python.framework/Versions/3.11/lib/python3.11/json/encoder.py", line 180, in default
    raise TypeError(f'Object of type {o.__class__.__name__} '
TypeError: Object of type UUID is not JSON serializable
2026-03-10 22:13:47 | ERROR    | app.core.middleware:70 | ✗ [3c57c793] POST /api/v1/categorias/ | 500 | 1687.89ms | EXCEPCIÓN NO MANEJADA
  + Exception Group Traceback (most recent call last):
  |   File "/Users/samircabrera/Development/projects/BENJI/Kitchen-Display-System---KDS/Backend/venv/lib/python3.11/site-packages/starlette/_utils.py", line 81, in collapse_excgroups
  |     yield
  |   File "/Users/samircabrera/Development/projects/BENJI/Kitchen-Display-System---KDS/Backend/venv/lib/python3.11/site-packages/starlette/middleware/base.py", line 192, in __call__
  |     async with anyio.create_task_group() as task_group:
  |   File "/Users/samircabrera/Development/projects/BENJI/Kitchen-Display-System---KDS/Backend/venv/lib/python3.11/site-packages/anyio/_backends/_asyncio.py", line 783, in __aexit__
  |     raise BaseExceptionGroup(
  | ExceptionGroup: unhandled errors in a TaskGroup (1 sub-exception)
  +-+---------------- 1 ----------------
    | Traceback (most recent call last):
    |   File "/Users/samircabrera/Development/projects/BENJI/Kitchen-Display-System---KDS/Backend/app/core/middleware.py", line 67, in dispatch
    |     response: Response = await call_next(request)
    |   File "/Users/samircabrera/Development/projects/BENJI/Kitchen-Display-System---KDS/Backend/venv/lib/python3.11/site-packages/starlette/middleware/base.py", line 168, in call_next
    |     raise app_exc from app_exc.__cause__ or app_exc.__context__
    |   File "/Users/samircabrera/Development/projects/BENJI/Kitchen-Display-System---KDS/Backend/venv/lib/python3.11/site-packages/starlette/middleware/base.py", line 144, in coro
    |     await self.app(scope, receive_or_disconnect, send_no_error)
    |   File "/Users/samircabrera/Development/projects/BENJI/Kitchen-Display-System---KDS/Backend/venv/lib/python3.11/site-packages/starlette/middleware/base.py", line 191, in __call__
    |     with recv_stream, send_stream, collapse_excgroups():
    |   File "/opt/homebrew/Cellar/python@3.11/3.11.13/Frameworks/Python.framework/Versions/3.11/lib/python3.11/contextlib.py", line 158, in __exit__
    |     self.gen.throw(typ, value, traceback)
    |   File "/Users/samircabrera/Development/projects/BENJI/Kitchen-Display-System---KDS/Backend/venv/lib/python3.11/site-packages/starlette/_utils.py", line 87, in collapse_excgroups
    |     raise exc
    |   File "/Users/samircabrera/Development/projects/BENJI/Kitchen-Display-System---KDS/Backend/venv/lib/python3.11/site-packages/starlette/middleware/base.py", line 193, in __call__
    |     response = await self.dispatch_func(request, call_next)
    |   File "/Users/samircabrera/Development/projects/BENJI/Kitchen-Display-System---KDS/Backend/venv/lib/python3.11/site-packages/slowapi/middleware.py", line 128, in dispatch
    |     return await call_next(request)
    |   File "/Users/samircabrera/Development/projects/BENJI/Kitchen-Display-System---KDS/Backend/venv/lib/python3.11/site-packages/starlette/middleware/base.py", line 168, in call_next
    |     raise app_exc from app_exc.__cause__ or app_exc.__context__
    |   File "/Users/samircabrera/Development/projects/BENJI/Kitchen-Display-System---KDS/Backend/venv/lib/python3.11/site-packages/starlette/middleware/base.py", line 144, in coro
    |     await self.app(scope, receive_or_disconnect, send_no_error)
    |   File "/Users/samircabrera/Development/projects/BENJI/Kitchen-Display-System---KDS/Backend/venv/lib/python3.11/site-packages/starlette/middleware/exceptions.py", line 63, in __call__
    |     await wrap_app_handling_exceptions(self.app, conn)(scope, receive, send)
    |   File "/Users/samircabrera/Development/projects/BENJI/Kitchen-Display-System---KDS/Backend/venv/lib/python3.11/site-packages/starlette/_exception_handler.py", line 53, in wrapped_app
    |     raise exc
    |   File "/Users/samircabrera/Development/projects/BENJI/Kitchen-Display-System---KDS/Backend/venv/lib/python3.11/site-packages/starlette/_exception_handler.py", line 42, in wrapped_app
    |     await app(scope, receive, sender)
    |   File "/Users/samircabrera/Development/projects/BENJI/Kitchen-Display-System---KDS/Backend/venv/lib/python3.11/site-packages/fastapi/middleware/asyncexitstack.py", line 18, in __call__
    |     await self.app(scope, receive, send)
    |   File "/Users/samircabrera/Development/projects/BENJI/Kitchen-Display-System---KDS/Backend/venv/lib/python3.11/site-packages/starlette/routing.py", line 716, in __call__
    |     await self.middleware_stack(scope, receive, send)
    |   File "/Users/samircabrera/Development/projects/BENJI/Kitchen-Display-System---KDS/Backend/venv/lib/python3.11/site-packages/starlette/routing.py", line 736, in app
    |     await route.handle(scope, receive, send)
    |   File "/Users/samircabrera/Development/projects/BENJI/Kitchen-Display-System---KDS/Backend/venv/lib/python3.11/site-packages/starlette/routing.py", line 290, in handle
    |     await self.app(scope, receive, send)
    |   File "/Users/samircabrera/Development/projects/BENJI/Kitchen-Display-System---KDS/Backend/venv/lib/python3.11/site-packages/fastapi/routing.py", line 130, in app
    |     await wrap_app_handling_exceptions(app, request)(scope, receive, send)
    |   File "/Users/samircabrera/Development/projects/BENJI/Kitchen-Display-System---KDS/Backend/venv/lib/python3.11/site-packages/starlette/_exception_handler.py", line 53, in wrapped_app
    |     raise exc
    |   File "/Users/samircabrera/Development/projects/BENJI/Kitchen-Display-System---KDS/Backend/venv/lib/python3.11/site-packages/starlette/_exception_handler.py", line 42, in wrapped_app
    |     await app(scope, receive, sender)
    |   File "/Users/samircabrera/Development/projects/BENJI/Kitchen-Display-System---KDS/Backend/venv/lib/python3.11/site-packages/fastapi/routing.py", line 116, in app
    |     response = await f(request)
    |   File "/Users/samircabrera/Development/projects/BENJI/Kitchen-Display-System---KDS/Backend/venv/lib/python3.11/site-packages/fastapi/routing.py", line 670, in app
    |     raw_response = await run_endpoint_function(
    |   File "/Users/samircabrera/Development/projects/BENJI/Kitchen-Display-System---KDS/Backend/venv/lib/python3.11/site-packages/fastapi/routing.py", line 326, in run_endpoint_function
    |     return await run_in_threadpool(dependant.call, **values)
    |   File "/Users/samircabrera/Development/projects/BENJI/Kitchen-Display-System---KDS/Backend/venv/lib/python3.11/site-packages/starlette/concurrency.py", line 32, in run_in_threadpool
    |     return await anyio.to_thread.run_sync(func)
    |   File "/Users/samircabrera/Development/projects/BENJI/Kitchen-Display-System---KDS/Backend/venv/lib/python3.11/site-packages/anyio/to_thread.py", line 63, in run_sync
    |     return await get_async_backend().run_sync_in_worker_thread(
    |   File "/Users/samircabrera/Development/projects/BENJI/Kitchen-Display-System---KDS/Backend/venv/lib/python3.11/site-packages/anyio/_backends/_asyncio.py", line 2502, in run_sync_in_worker_thread
    |     return await future
    |   File "/Users/samircabrera/Development/projects/BENJI/Kitchen-Display-System---KDS/Backend/venv/lib/python3.11/site-packages/anyio/_backends/_asyncio.py", line 986, in run
    |     result = context.run(func, *args)
    |   File "/Users/samircabrera/Development/projects/BENJI/Kitchen-Display-System---KDS/Backend/venv/lib/python3.11/site-packages/slowapi/extension.py", line 766, in sync_wrapper
    |     response = func(*args, **kwargs)
    |   File "/Users/samircabrera/Development/projects/BENJI/Kitchen-Display-System---KDS/Backend/app/api/v1/categorias.py", line 171, in write_categoria
    |     nueva = create_categoria(db, internal)
    |   File "/Users/samircabrera/Development/projects/BENJI/Kitchen-Display-System---KDS/Backend/app/crud/crud_categorias.py", line 68, in create_categoria
    |     result = db.table(TABLE_NAME).insert(payload).execute()
    |   File "/Users/samircabrera/Development/projects/BENJI/Kitchen-Display-System---KDS/Backend/venv/lib/python3.11/site-packages/postgrest/_sync/request_builder.py", line 53, in execute
    |     raise APIError(dict(json_obj))
    | postgrest.exceptions.APIError: {'message': 'insert or update on table "categorias" violates foreign key constraint "fk_categorias_empresa"', 'code': '23503', 'hint': None, 'details': 'Key (empresa_id)=(3fa85f64-5717-4562-b3fc-2c963f66afa6) is not present in table "empresas".'}
    +------------------------------------

The above exception was the direct cause of the following exception:

Traceback (most recent call last):
  File "<string>", line 1, in <module>
  File "/opt/homebrew/Cellar/python@3.11/3.11.13/Frameworks/Python.framework/Versions/3.11/lib/python3.11/multiprocessing/spawn.py", line 122, in spawn_main
    exitcode = _main(fd, parent_sentinel)
  File "/opt/homebrew/Cellar/python@3.11/3.11.13/Frameworks/Python.framework/Versions/3.11/lib/python3.11/multiprocessing/spawn.py", line 135, in _main
    return self._bootstrap(parent_sentinel)
  File "/opt/homebrew/Cellar/python@3.11/3.11.13/Frameworks/Python.framework/Versions/3.11/lib/python3.11/multiprocessing/process.py", line 314, in _bootstrap
    self.run()
  File "/opt/homebrew/Cellar/python@3.11/3.11.13/Frameworks/Python.framework/Versions/3.11/lib/python3.11/multiprocessing/process.py", line 108, in run
    self._target(*self._args, **self._kwargs)
  File "/Users/samircabrera/Development/projects/BENJI/Kitchen-Display-System---KDS/Backend/venv/lib/python3.11/site-packages/uvicorn/_subprocess.py", line 80, in subprocess_started
    target(sockets=sockets)
  File "/Users/samircabrera/Development/projects/BENJI/Kitchen-Display-System---KDS/Backend/venv/lib/python3.11/site-packages/uvicorn/server.py", line 75, in run
    return asyncio_run(self.serve(sockets=sockets), loop_factory=self.config.get_loop_factory())
  File "/Users/samircabrera/Development/projects/BENJI/Kitchen-Display-System---KDS/Backend/venv/lib/python3.11/site-packages/uvicorn/_compat.py", line 30, in asyncio_run
    return runner.run(main)
  File "/opt/homebrew/Cellar/python@3.11/3.11.13/Frameworks/Python.framework/Versions/3.11/lib/python3.11/asyncio/runners.py", line 118, in run
    return self._loop.run_until_complete(task)
  File "/Users/samircabrera/Development/projects/BENJI/Kitchen-Display-System---KDS/Backend/venv/lib/python3.11/site-packages/uvicorn/protocols/http/httptools_impl.py", line 416, in run_asgi
    result = await app(  # type: ignore[func-returns-value]
  File "/Users/samircabrera/Development/projects/BENJI/Kitchen-Display-System---KDS/Backend/venv/lib/python3.11/site-packages/uvicorn/middleware/proxy_headers.py", line 60, in __call__
    return await self.app(scope, receive, send)
  File "/Users/samircabrera/Development/projects/BENJI/Kitchen-Display-System---KDS/Backend/venv/lib/python3.11/site-packages/fastapi/applications.py", line 1160, in __call__
    await super().__call__(scope, receive, send)
  File "/Users/samircabrera/Development/projects/BENJI/Kitchen-Display-System---KDS/Backend/venv/lib/python3.11/site-packages/starlette/applications.py", line 107, in __call__
    await self.middleware_stack(scope, receive, send)
  File "/Users/samircabrera/Development/projects/BENJI/Kitchen-Display-System---KDS/Backend/venv/lib/python3.11/site-packages/starlette/middleware/errors.py", line 164, in __call__
    await self.app(scope, receive, _send)
  File "/Users/samircabrera/Development/projects/BENJI/Kitchen-Display-System---KDS/Backend/venv/lib/python3.11/site-packages/starlette/middleware/cors.py", line 95, in __call__
    await self.simple_response(scope, receive, send, request_headers=headers)
  File "/Users/samircabrera/Development/projects/BENJI/Kitchen-Display-System---KDS/Backend/venv/lib/python3.11/site-packages/starlette/middleware/cors.py", line 153, in simple_response
    await self.app(scope, receive, send)
  File "/Users/samircabrera/Development/projects/BENJI/Kitchen-Display-System---KDS/Backend/venv/lib/python3.11/site-packages/starlette/middleware/base.py", line 193, in __call__
    response = await self.dispatch_func(request, call_next)
> File "/Users/samircabrera/Development/projects/BENJI/Kitchen-Display-System---KDS/Backend/app/core/middleware.py", line 67, in dispatch
    response: Response = await call_next(request)
  File "/Users/samircabrera/Development/projects/BENJI/Kitchen-Display-System---KDS/Backend/venv/lib/python3.11/site-packages/starlette/middleware/base.py", line 168, in call_next
    raise app_exc from app_exc.__cause__ or app_exc.__context__
  File "/Users/samircabrera/Development/projects/BENJI/Kitchen-Display-System---KDS/Backend/venv/lib/python3.11/site-packages/starlette/middleware/base.py", line 144, in coro
    await self.app(scope, receive_or_disconnect, send_no_error)
  File "/Users/samircabrera/Development/projects/BENJI/Kitchen-Display-System---KDS/Backend/venv/lib/python3.11/site-packages/starlette/middleware/base.py", line 191, in __call__
    with recv_stream, send_stream, collapse_excgroups():
  File "/opt/homebrew/Cellar/python@3.11/3.11.13/Frameworks/Python.framework/Versions/3.11/lib/python3.11/contextlib.py", line 158, in __exit__
    self.gen.throw(typ, value, traceback)
  File "/Users/samircabrera/Development/projects/BENJI/Kitchen-Display-System---KDS/Backend/venv/lib/python3.11/site-packages/starlette/_utils.py", line 87, in collapse_excgroups
    raise exc
  File "/Users/samircabrera/Development/projects/BENJI/Kitchen-Display-System---KDS/Backend/venv/lib/python3.11/site-packages/starlette/middleware/base.py", line 193, in __call__
    response = await self.dispatch_func(request, call_next)
  File "/Users/samircabrera/Development/projects/BENJI/Kitchen-Display-System---KDS/Backend/venv/lib/python3.11/site-packages/slowapi/middleware.py", line 128, in dispatch
    return await call_next(request)
  File "/Users/samircabrera/Development/projects/BENJI/Kitchen-Display-System---KDS/Backend/venv/lib/python3.11/site-packages/starlette/middleware/base.py", line 168, in call_next
    raise app_exc from app_exc.__cause__ or app_exc.__context__
  File "/Users/samircabrera/Development/projects/BENJI/Kitchen-Display-System---KDS/Backend/venv/lib/python3.11/site-packages/starlette/middleware/base.py", line 144, in coro
    await self.app(scope, receive_or_disconnect, send_no_error)
  File "/Users/samircabrera/Development/projects/BENJI/Kitchen-Display-System---KDS/Backend/venv/lib/python3.11/site-packages/starlette/middleware/exceptions.py", line 63, in __call__
    await wrap_app_handling_exceptions(self.app, conn)(scope, receive, send)
  File "/Users/samircabrera/Development/projects/BENJI/Kitchen-Display-System---KDS/Backend/venv/lib/python3.11/site-packages/starlette/_exception_handler.py", line 53, in wrapped_app
    raise exc
  File "/Users/samircabrera/Development/projects/BENJI/Kitchen-Display-System---KDS/Backend/venv/lib/python3.11/site-packages/starlette/_exception_handler.py", line 42, in wrapped_app
    await app(scope, receive, sender)
  File "/Users/samircabrera/Development/projects/BENJI/Kitchen-Display-System---KDS/Backend/venv/lib/python3.11/site-packages/fastapi/middleware/asyncexitstack.py", line 18, in __call__
    await self.app(scope, receive, send)
  File "/Users/samircabrera/Development/projects/BENJI/Kitchen-Display-System---KDS/Backend/venv/lib/python3.11/site-packages/starlette/routing.py", line 716, in __call__
    await self.middleware_stack(scope, receive, send)
  File "/Users/samircabrera/Development/projects/BENJI/Kitchen-Display-System---KDS/Backend/venv/lib/python3.11/site-packages/starlette/routing.py", line 736, in app
    await route.handle(scope, receive, send)
  File "/Users/samircabrera/Development/projects/BENJI/Kitchen-Display-System---KDS/Backend/venv/lib/python3.11/site-packages/starlette/routing.py", line 290, in handle
    await self.app(scope, receive, send)
  File "/Users/samircabrera/Development/projects/BENJI/Kitchen-Display-System---KDS/Backend/venv/lib/python3.11/site-packages/fastapi/routing.py", line 130, in app
    await wrap_app_handling_exceptions(app, request)(scope, receive, send)
  File "/Users/samircabrera/Development/projects/BENJI/Kitchen-Display-System---KDS/Backend/venv/lib/python3.11/site-packages/starlette/_exception_handler.py", line 53, in wrapped_app
    raise exc
  File "/Users/samircabrera/Development/projects/BENJI/Kitchen-Display-System---KDS/Backend/venv/lib/python3.11/site-packages/starlette/_exception_handler.py", line 42, in wrapped_app
    await app(scope, receive, sender)
  File "/Users/samircabrera/Development/projects/BENJI/Kitchen-Display-System---KDS/Backend/venv/lib/python3.11/site-packages/fastapi/routing.py", line 116, in app
    response = await f(request)
  File "/Users/samircabrera/Development/projects/BENJI/Kitchen-Display-System---KDS/Backend/venv/lib/python3.11/site-packages/fastapi/routing.py", line 670, in app
    raw_response = await run_endpoint_function(
  File "/Users/samircabrera/Development/projects/BENJI/Kitchen-Display-System---KDS/Backend/venv/lib/python3.11/site-packages/fastapi/routing.py", line 326, in run_endpoint_function
    return await run_in_threadpool(dependant.call, **values)
  File "/Users/samircabrera/Development/projects/BENJI/Kitchen-Display-System---KDS/Backend/venv/lib/python3.11/site-packages/starlette/concurrency.py", line 32, in run_in_threadpool
    return await anyio.to_thread.run_sync(func)
  File "/Users/samircabrera/Development/projects/BENJI/Kitchen-Display-System---KDS/Backend/venv/lib/python3.11/site-packages/anyio/to_thread.py", line 63, in run_sync
    return await get_async_backend().run_sync_in_worker_thread(
  File "/Users/samircabrera/Development/projects/BENJI/Kitchen-Display-System---KDS/Backend/venv/lib/python3.11/site-packages/anyio/_backends/_asyncio.py", line 2502, in run_sync_in_worker_thread
    return await future
  File "/Users/samircabrera/Development/projects/BENJI/Kitchen-Display-System---KDS/Backend/venv/lib/python3.11/site-packages/anyio/_backends/_asyncio.py", line 986, in run
    result = context.run(func, *args)
  File "/Users/samircabrera/Development/projects/BENJI/Kitchen-Display-System---KDS/Backend/venv/lib/python3.11/site-packages/slowapi/extension.py", line 766, in sync_wrapper
    response = func(*args, **kwargs)
  File "/Users/samircabrera/Development/projects/BENJI/Kitchen-Display-System---KDS/Backend/app/api/v1/categorias.py", line 171, in write_categoria
    nueva = create_categoria(db, internal)
  File "/Users/samircabrera/Development/projects/BENJI/Kitchen-Display-System---KDS/Backend/app/crud/crud_categorias.py", line 68, in create_categoria
    result = db.table(TABLE_NAME).insert(payload).execute()
  File "/Users/samircabrera/Development/projects/BENJI/Kitchen-Display-System---KDS/Backend/venv/lib/python3.11/site-packages/postgrest/_sync/request_builder.py", line 53, in execute
    raise APIError(dict(json_obj))
postgrest.exceptions.APIError: {'message': 'insert or update on table "categorias" violates foreign key constraint "fk_categorias_empresa"', 'code': '23503', 'hint': None, 'details': 'Key (empresa_id)=(3fa85f64-5717-4562-b3fc-2c963f66afa6) is not present in table "empresas".'}
2026-03-10 22:13:47 | ERROR    | app.main:122 | Excepción no manejada | POST /api/v1/categorias/ | APIError: {'message': 'insert or update on table "categorias" violates foreign key constraint "fk_categorias_empresa"', 'code': '23503', 'hint': None, 'details': 'Key (empresa_id)=(3fa85f64-5717-4562-b3fc-2c963f66afa6) is not present in table "empresas".'}
  + Exception Group Traceback (most recent call last):
  |   File "/Users/samircabrera/Development/projects/BENJI/Kitchen-Display-System---KDS/Backend/venv/lib/python3.11/site-packages/starlette/_utils.py", line 81, in collapse_excgroups
  |     yield
  |   File "/Users/samircabrera/Development/projects/BENJI/Kitchen-Display-System---KDS/Backend/venv/lib/python3.11/site-packages/starlette/middleware/base.py", line 192, in __call__
  |     async with anyio.create_task_group() as task_group:
  |   File "/Users/samircabrera/Development/projects/BENJI/Kitchen-Display-System---KDS/Backend/venv/lib/python3.11/site-packages/anyio/_backends/_asyncio.py", line 783, in __aexit__
  |     raise BaseExceptionGroup(
  | ExceptionGroup: unhandled errors in a TaskGroup (1 sub-exception)
  +-+---------------- 1 ----------------
    | Traceback (most recent call last):
    |   File "/Users/samircabrera/Development/projects/BENJI/Kitchen-Display-System---KDS/Backend/venv/lib/python3.11/site-packages/starlette/middleware/errors.py", line 164, in __call__
    |     await self.app(scope, receive, _send)
    |   File "/Users/samircabrera/Development/projects/BENJI/Kitchen-Display-System---KDS/Backend/venv/lib/python3.11/site-packages/starlette/middleware/cors.py", line 95, in __call__
    |     await self.simple_response(scope, receive, send, request_headers=headers)
    |   File "/Users/samircabrera/Development/projects/BENJI/Kitchen-Display-System---KDS/Backend/venv/lib/python3.11/site-packages/starlette/middleware/cors.py", line 153, in simple_response
    |     await self.app(scope, receive, send)
    |   File "/Users/samircabrera/Development/projects/BENJI/Kitchen-Display-System---KDS/Backend/venv/lib/python3.11/site-packages/starlette/middleware/base.py", line 191, in __call__
    |     with recv_stream, send_stream, collapse_excgroups():
    |   File "/opt/homebrew/Cellar/python@3.11/3.11.13/Frameworks/Python.framework/Versions/3.11/lib/python3.11/contextlib.py", line 158, in __exit__
    |     self.gen.throw(typ, value, traceback)
    |   File "/Users/samircabrera/Development/projects/BENJI/Kitchen-Display-System---KDS/Backend/venv/lib/python3.11/site-packages/starlette/_utils.py", line 87, in collapse_excgroups
    |     raise exc
    |   File "/Users/samircabrera/Development/projects/BENJI/Kitchen-Display-System---KDS/Backend/venv/lib/python3.11/site-packages/starlette/middleware/base.py", line 193, in __call__
    |     response = await self.dispatch_func(request, call_next)
    |   File "/Users/samircabrera/Development/projects/BENJI/Kitchen-Display-System---KDS/Backend/app/core/middleware.py", line 67, in dispatch
    |     response: Response = await call_next(request)
    |   File "/Users/samircabrera/Development/projects/BENJI/Kitchen-Display-System---KDS/Backend/venv/lib/python3.11/site-packages/starlette/middleware/base.py", line 168, in call_next
    |     raise app_exc from app_exc.__cause__ or app_exc.__context__
    |   File "/Users/samircabrera/Development/projects/BENJI/Kitchen-Display-System---KDS/Backend/venv/lib/python3.11/site-packages/starlette/middleware/base.py", line 144, in coro
    |     await self.app(scope, receive_or_disconnect, send_no_error)
    |   File "/Users/samircabrera/Development/projects/BENJI/Kitchen-Display-System---KDS/Backend/venv/lib/python3.11/site-packages/starlette/middleware/base.py", line 191, in __call__
    |     with recv_stream, send_stream, collapse_excgroups():
    |   File "/opt/homebrew/Cellar/python@3.11/3.11.13/Frameworks/Python.framework/Versions/3.11/lib/python3.11/contextlib.py", line 158, in __exit__
    |     self.gen.throw(typ, value, traceback)
    |   File "/Users/samircabrera/Development/projects/BENJI/Kitchen-Display-System---KDS/Backend/venv/lib/python3.11/site-packages/starlette/_utils.py", line 87, in collapse_excgroups
    |     raise exc
    |   File "/Users/samircabrera/Development/projects/BENJI/Kitchen-Display-System---KDS/Backend/venv/lib/python3.11/site-packages/starlette/middleware/base.py", line 193, in __call__
    |     response = await self.dispatch_func(request, call_next)
    |   File "/Users/samircabrera/Development/projects/BENJI/Kitchen-Display-System---KDS/Backend/venv/lib/python3.11/site-packages/slowapi/middleware.py", line 128, in dispatch
    |     return await call_next(request)
    |   File "/Users/samircabrera/Development/projects/BENJI/Kitchen-Display-System---KDS/Backend/venv/lib/python3.11/site-packages/starlette/middleware/base.py", line 168, in call_next
    |     raise app_exc from app_exc.__cause__ or app_exc.__context__
    |   File "/Users/samircabrera/Development/projects/BENJI/Kitchen-Display-System---KDS/Backend/venv/lib/python3.11/site-packages/starlette/middleware/base.py", line 144, in coro
    |     await self.app(scope, receive_or_disconnect, send_no_error)
    |   File "/Users/samircabrera/Development/projects/BENJI/Kitchen-Display-System---KDS/Backend/venv/lib/python3.11/site-packages/starlette/middleware/exceptions.py", line 63, in __call__
    |     await wrap_app_handling_exceptions(self.app, conn)(scope, receive, send)
    |   File "/Users/samircabrera/Development/projects/BENJI/Kitchen-Display-System---KDS/Backend/venv/lib/python3.11/site-packages/starlette/_exception_handler.py", line 53, in wrapped_app
    |     raise exc
    |   File "/Users/samircabrera/Development/projects/BENJI/Kitchen-Display-System---KDS/Backend/venv/lib/python3.11/site-packages/starlette/_exception_handler.py", line 42, in wrapped_app
    |     await app(scope, receive, sender)
    |   File "/Users/samircabrera/Development/projects/BENJI/Kitchen-Display-System---KDS/Backend/venv/lib/python3.11/site-packages/fastapi/middleware/asyncexitstack.py", line 18, in __call__
    |     await self.app(scope, receive, send)
    |   File "/Users/samircabrera/Development/projects/BENJI/Kitchen-Display-System---KDS/Backend/venv/lib/python3.11/site-packages/starlette/routing.py", line 716, in __call__
    |     await self.middleware_stack(scope, receive, send)
    |   File "/Users/samircabrera/Development/projects/BENJI/Kitchen-Display-System---KDS/Backend/venv/lib/python3.11/site-packages/starlette/routing.py", line 736, in app
    |     await route.handle(scope, receive, send)
    |   File "/Users/samircabrera/Development/projects/BENJI/Kitchen-Display-System---KDS/Backend/venv/lib/python3.11/site-packages/starlette/routing.py", line 290, in handle
    |     await self.app(scope, receive, send)
    |   File "/Users/samircabrera/Development/projects/BENJI/Kitchen-Display-System---KDS/Backend/venv/lib/python3.11/site-packages/fastapi/routing.py", line 130, in app
    |     await wrap_app_handling_exceptions(app, request)(scope, receive, send)
    |   File "/Users/samircabrera/Development/projects/BENJI/Kitchen-Display-System---KDS/Backend/venv/lib/python3.11/site-packages/starlette/_exception_handler.py", line 53, in wrapped_app
    |     raise exc
    |   File "/Users/samircabrera/Development/projects/BENJI/Kitchen-Display-System---KDS/Backend/venv/lib/python3.11/site-packages/starlette/_exception_handler.py", line 42, in wrapped_app
    |     await app(scope, receive, sender)
    |   File "/Users/samircabrera/Development/projects/BENJI/Kitchen-Display-System---KDS/Backend/venv/lib/python3.11/site-packages/fastapi/routing.py", line 116, in app
    |     response = await f(request)
    |   File "/Users/samircabrera/Development/projects/BENJI/Kitchen-Display-System---KDS/Backend/venv/lib/python3.11/site-packages/fastapi/routing.py", line 670, in app
    |     raw_response = await run_endpoint_function(
    |   File "/Users/samircabrera/Development/projects/BENJI/Kitchen-Display-System---KDS/Backend/venv/lib/python3.11/site-packages/fastapi/routing.py", line 326, in run_endpoint_function
    |     return await run_in_threadpool(dependant.call, **values)
    |   File "/Users/samircabrera/Development/projects/BENJI/Kitchen-Display-System---KDS/Backend/venv/lib/python3.11/site-packages/starlette/concurrency.py", line 32, in run_in_threadpool
    |     return await anyio.to_thread.run_sync(func)
    |   File "/Users/samircabrera/Development/projects/BENJI/Kitchen-Display-System---KDS/Backend/venv/lib/python3.11/site-packages/anyio/to_thread.py", line 63, in run_sync
    |     return await get_async_backend().run_sync_in_worker_thread(
    |   File "/Users/samircabrera/Development/projects/BENJI/Kitchen-Display-System---KDS/Backend/venv/lib/python3.11/site-packages/anyio/_backends/_asyncio.py", line 2502, in run_sync_in_worker_thread
    |     return await future
    |   File "/Users/samircabrera/Development/projects/BENJI/Kitchen-Display-System---KDS/Backend/venv/lib/python3.11/site-packages/anyio/_backends/_asyncio.py", line 986, in run
    |     result = context.run(func, *args)
    |   File "/Users/samircabrera/Development/projects/BENJI/Kitchen-Display-System---KDS/Backend/venv/lib/python3.11/site-packages/slowapi/extension.py", line 766, in sync_wrapper
    |     response = func(*args, **kwargs)
    |   File "/Users/samircabrera/Development/projects/BENJI/Kitchen-Display-System---KDS/Backend/app/api/v1/categorias.py", line 171, in write_categoria
    |     nueva = create_categoria(db, internal)
    |   File "/Users/samircabrera/Development/projects/BENJI/Kitchen-Display-System---KDS/Backend/app/crud/crud_categorias.py", line 68, in create_categoria
    |     result = db.table(TABLE_NAME).insert(payload).execute()
    |   File "/Users/samircabrera/Development/projects/BENJI/Kitchen-Display-System---KDS/Backend/venv/lib/python3.11/site-packages/postgrest/_sync/request_builder.py", line 53, in execute
    |     raise APIError(dict(json_obj))
    | postgrest.exceptions.APIError: {'message': 'insert or update on table "categorias" violates foreign key constraint "fk_categorias_empresa"', 'code': '23503', 'hint': None, 'details': 'Key (empresa_id)=(3fa85f64-5717-4562-b3fc-2c963f66afa6) is not present in table "empresas".'}
    +------------------------------------

The above exception was the direct cause of the following exception:

Traceback (most recent call last):
  File "<string>", line 1, in <module>
  File "/opt/homebrew/Cellar/python@3.11/3.11.13/Frameworks/Python.framework/Versions/3.11/lib/python3.11/multiprocessing/spawn.py", line 122, in spawn_main
    exitcode = _main(fd, parent_sentinel)
  File "/opt/homebrew/Cellar/python@3.11/3.11.13/Frameworks/Python.framework/Versions/3.11/lib/python3.11/multiprocessing/spawn.py", line 135, in _main
    return self._bootstrap(parent_sentinel)
  File "/opt/homebrew/Cellar/python@3.11/3.11.13/Frameworks/Python.framework/Versions/3.11/lib/python3.11/multiprocessing/process.py", line 314, in _bootstrap
    self.run()
  File "/opt/homebrew/Cellar/python@3.11/3.11.13/Frameworks/Python.framework/Versions/3.11/lib/python3.11/multiprocessing/process.py", line 108, in run
    self._target(*self._args, **self._kwargs)
  File "/Users/samircabrera/Development/projects/BENJI/Kitchen-Display-System---KDS/Backend/venv/lib/python3.11/site-packages/uvicorn/_subprocess.py", line 80, in subprocess_started
    target(sockets=sockets)
  File "/Users/samircabrera/Development/projects/BENJI/Kitchen-Display-System---KDS/Backend/venv/lib/python3.11/site-packages/uvicorn/server.py", line 75, in run
    return asyncio_run(self.serve(sockets=sockets), loop_factory=self.config.get_loop_factory())
  File "/Users/samircabrera/Development/projects/BENJI/Kitchen-Display-System---KDS/Backend/venv/lib/python3.11/site-packages/uvicorn/_compat.py", line 30, in asyncio_run
    return runner.run(main)
  File "/opt/homebrew/Cellar/python@3.11/3.11.13/Frameworks/Python.framework/Versions/3.11/lib/python3.11/asyncio/runners.py", line 118, in run
    return self._loop.run_until_complete(task)
  File "/Users/samircabrera/Development/projects/BENJI/Kitchen-Display-System---KDS/Backend/venv/lib/python3.11/site-packages/uvicorn/protocols/http/httptools_impl.py", line 416, in run_asgi
    result = await app(  # type: ignore[func-returns-value]
  File "/Users/samircabrera/Development/projects/BENJI/Kitchen-Display-System---KDS/Backend/venv/lib/python3.11/site-packages/uvicorn/middleware/proxy_headers.py", line 60, in __call__
    return await self.app(scope, receive, send)
  File "/Users/samircabrera/Development/projects/BENJI/Kitchen-Display-System---KDS/Backend/venv/lib/python3.11/site-packages/fastapi/applications.py", line 1160, in __call__
    await super().__call__(scope, receive, send)
  File "/Users/samircabrera/Development/projects/BENJI/Kitchen-Display-System---KDS/Backend/venv/lib/python3.11/site-packages/starlette/applications.py", line 107, in __call__
    await self.middleware_stack(scope, receive, send)
> File "/Users/samircabrera/Development/projects/BENJI/Kitchen-Display-System---KDS/Backend/venv/lib/python3.11/site-packages/starlette/middleware/errors.py", line 164, in __call__
    await self.app(scope, receive, _send)
  File "/Users/samircabrera/Development/projects/BENJI/Kitchen-Display-System---KDS/Backend/venv/lib/python3.11/site-packages/starlette/middleware/cors.py", line 95, in __call__
    await self.simple_response(scope, receive, send, request_headers=headers)
  File "/Users/samircabrera/Development/projects/BENJI/Kitchen-Display-System---KDS/Backend/venv/lib/python3.11/site-packages/starlette/middleware/cors.py", line 153, in simple_response
    await self.app(scope, receive, send)
  File "/Users/samircabrera/Development/projects/BENJI/Kitchen-Display-System---KDS/Backend/venv/lib/python3.11/site-packages/starlette/middleware/base.py", line 191, in __call__
    with recv_stream, send_stream, collapse_excgroups():
  File "/opt/homebrew/Cellar/python@3.11/3.11.13/Frameworks/Python.framework/Versions/3.11/lib/python3.11/contextlib.py", line 158, in __exit__
    self.gen.throw(typ, value, traceback)
  File "/Users/samircabrera/Development/projects/BENJI/Kitchen-Display-System---KDS/Backend/venv/lib/python3.11/site-packages/starlette/_utils.py", line 87, in collapse_excgroups
    raise exc
  File "/Users/samircabrera/Development/projects/BENJI/Kitchen-Display-System---KDS/Backend/venv/lib/python3.11/site-packages/starlette/middleware/base.py", line 193, in __call__
    response = await self.dispatch_func(request, call_next)
  File "/Users/samircabrera/Development/projects/BENJI/Kitchen-Display-System---KDS/Backend/app/core/middleware.py", line 67, in dispatch
    response: Response = await call_next(request)
  File "/Users/samircabrera/Development/projects/BENJI/Kitchen-Display-System---KDS/Backend/venv/lib/python3.11/site-packages/starlette/middleware/base.py", line 168, in call_next
    raise app_exc from app_exc.__cause__ or app_exc.__context__
  File "/Users/samircabrera/Development/projects/BENJI/Kitchen-Display-System---KDS/Backend/venv/lib/python3.11/site-packages/starlette/middleware/base.py", line 144, in coro
    await self.app(scope, receive_or_disconnect, send_no_error)
  File "/Users/samircabrera/Development/projects/BENJI/Kitchen-Display-System---KDS/Backend/venv/lib/python3.11/site-packages/starlette/middleware/base.py", line 191, in __call__
    with recv_stream, send_stream, collapse_excgroups():
  File "/opt/homebrew/Cellar/python@3.11/3.11.13/Frameworks/Python.framework/Versions/3.11/lib/python3.11/contextlib.py", line 158, in __exit__
    self.gen.throw(typ, value, traceback)
  File "/Users/samircabrera/Development/projects/BENJI/Kitchen-Display-System---KDS/Backend/venv/lib/python3.11/site-packages/starlette/_utils.py", line 87, in collapse_excgroups
    raise exc
  File "/Users/samircabrera/Development/projects/BENJI/Kitchen-Display-System---KDS/Backend/venv/lib/python3.11/site-packages/starlette/middleware/base.py", line 193, in __call__
    response = await self.dispatch_func(request, call_next)
  File "/Users/samircabrera/Development/projects/BENJI/Kitchen-Display-System---KDS/Backend/venv/lib/python3.11/site-packages/slowapi/middleware.py", line 128, in dispatch
    return await call_next(request)
  File "/Users/samircabrera/Development/projects/BENJI/Kitchen-Display-System---KDS/Backend/venv/lib/python3.11/site-packages/starlette/middleware/base.py", line 168, in call_next
    raise app_exc from app_exc.__cause__ or app_exc.__context__
  File "/Users/samircabrera/Development/projects/BENJI/Kitchen-Display-System---KDS/Backend/venv/lib/python3.11/site-packages/starlette/middleware/base.py", line 144, in coro
    await self.app(scope, receive_or_disconnect, send_no_error)
  File "/Users/samircabrera/Development/projects/BENJI/Kitchen-Display-System---KDS/Backend/venv/lib/python3.11/site-packages/starlette/middleware/exceptions.py", line 63, in __call__
    await wrap_app_handling_exceptions(self.app, conn)(scope, receive, send)
  File "/Users/samircabrera/Development/projects/BENJI/Kitchen-Display-System---KDS/Backend/venv/lib/python3.11/site-packages/starlette/_exception_handler.py", line 53, in wrapped_app
    raise exc
  File "/Users/samircabrera/Development/projects/BENJI/Kitchen-Display-System---KDS/Backend/venv/lib/python3.11/site-packages/starlette/_exception_handler.py", line 42, in wrapped_app
    await app(scope, receive, sender)
  File "/Users/samircabrera/Development/projects/BENJI/Kitchen-Display-System---KDS/Backend/venv/lib/python3.11/site-packages/fastapi/middleware/asyncexitstack.py", line 18, in __call__
    await self.app(scope, receive, send)
  File "/Users/samircabrera/Development/projects/BENJI/Kitchen-Display-System---KDS/Backend/venv/lib/python3.11/site-packages/starlette/routing.py", line 716, in __call__
    await self.middleware_stack(scope, receive, send)
  File "/Users/samircabrera/Development/projects/BENJI/Kitchen-Display-System---KDS/Backend/venv/lib/python3.11/site-packages/starlette/routing.py", line 736, in app
    await route.handle(scope, receive, send)
  File "/Users/samircabrera/Development/projects/BENJI/Kitchen-Display-System---KDS/Backend/venv/lib/python3.11/site-packages/starlette/routing.py", line 290, in handle
    await self.app(scope, receive, send)
  File "/Users/samircabrera/Development/projects/BENJI/Kitchen-Display-System---KDS/Backend/venv/lib/python3.11/site-packages/fastapi/routing.py", line 130, in app
    await wrap_app_handling_exceptions(app, request)(scope, receive, send)
  File "/Users/samircabrera/Development/projects/BENJI/Kitchen-Display-System---KDS/Backend/venv/lib/python3.11/site-packages/starlette/_exception_handler.py", line 53, in wrapped_app
    raise exc
  File "/Users/samircabrera/Development/projects/BENJI/Kitchen-Display-System---KDS/Backend/venv/lib/python3.11/site-packages/starlette/_exception_handler.py", line 42, in wrapped_app
    await app(scope, receive, sender)
  File "/Users/samircabrera/Development/projects/BENJI/Kitchen-Display-System---KDS/Backend/venv/lib/python3.11/site-packages/fastapi/routing.py", line 116, in app
    response = await f(request)
  File "/Users/samircabrera/Development/projects/BENJI/Kitchen-Display-System---KDS/Backend/venv/lib/python3.11/site-packages/fastapi/routing.py", line 670, in app
    raw_response = await run_endpoint_function(
  File "/Users/samircabrera/Development/projects/BENJI/Kitchen-Display-System---KDS/Backend/venv/lib/python3.11/site-packages/fastapi/routing.py", line 326, in run_endpoint_function
    return await run_in_threadpool(dependant.call, **values)
  File "/Users/samircabrera/Development/projects/BENJI/Kitchen-Display-System---KDS/Backend/venv/lib/python3.11/site-packages/starlette/concurrency.py", line 32, in run_in_threadpool
    return await anyio.to_thread.run_sync(func)
  File "/Users/samircabrera/Development/projects/BENJI/Kitchen-Display-System---KDS/Backend/venv/lib/python3.11/site-packages/anyio/to_thread.py", line 63, in run_sync
    return await get_async_backend().run_sync_in_worker_thread(
  File "/Users/samircabrera/Development/projects/BENJI/Kitchen-Display-System---KDS/Backend/venv/lib/python3.11/site-packages/anyio/_backends/_asyncio.py", line 2502, in run_sync_in_worker_thread
    return await future
  File "/Users/samircabrera/Development/projects/BENJI/Kitchen-Display-System---KDS/Backend/venv/lib/python3.11/site-packages/anyio/_backends/_asyncio.py", line 986, in run
    result = context.run(func, *args)
  File "/Users/samircabrera/Development/projects/BENJI/Kitchen-Display-System---KDS/Backend/venv/lib/python3.11/site-packages/slowapi/extension.py", line 766, in sync_wrapper
    response = func(*args, **kwargs)
  File "/Users/samircabrera/Development/projects/BENJI/Kitchen-Display-System---KDS/Backend/app/api/v1/categorias.py", line 171, in write_categoria
    nueva = create_categoria(db, internal)
  File "/Users/samircabrera/Development/projects/BENJI/Kitchen-Display-System---KDS/Backend/app/crud/crud_categorias.py", line 68, in create_categoria
    result = db.table(TABLE_NAME).insert(payload).execute()
  File "/Users/samircabrera/Development/projects/BENJI/Kitchen-Display-System---KDS/Backend/venv/lib/python3.11/site-packages/postgrest/_sync/request_builder.py", line 53, in execute
    raise APIError(dict(json_obj))
postgrest.exceptions.APIError: {'message': 'insert or update on table "categorias" violates foreign key constraint "fk_categorias_empresa"', 'code': '23503', 'hint': None, 'details': 'Key (empresa_id)=(3fa85f64-5717-4562-b3fc-2c963f66afa6) is not present in table "empresas".'}
2026-05-23 19:05:43 | ERROR    | app.main:181 | Health: Supabase DB caída | [Errno -2] Name or service not known
2026-05-23 19:05:43 | ERROR    | app.core.middleware:102 | ✗ [1fb59266] GET /health | 503 | 258.32ms | user=anonymous
2026-05-23 19:05:48 | ERROR    | app.main:181 | Health: Supabase DB caída | [Errno -2] Name or service not known
2026-05-23 19:05:48 | ERROR    | app.core.middleware:102 | ✗ [f71b69b7] GET /health | 503 | 13.78ms | user=anonymous
2026-05-23 19:05:53 | ERROR    | app.main:181 | Health: Supabase DB caída | [Errno -2] Name or service not known
2026-05-23 19:05:53 | ERROR    | app.core.middleware:102 | ✗ [bad567e9] GET /health | 503 | 15.88ms | user=anonymous
2026-05-23 19:05:58 | ERROR    | app.main:181 | Health: Supabase DB caída | [Errno -2] Name or service not known
2026-05-23 19:05:58 | ERROR    | app.core.middleware:102 | ✗ [2ed0a71c] GET /health | 503 | 16.63ms | user=anonymous
2026-05-23 19:06:28 | ERROR    | app.main:181 | Health: Supabase DB caída | [Errno -2] Name or service not known
2026-05-23 19:06:28 | ERROR    | app.core.middleware:102 | ✗ [4d99d3af] GET /health | 503 | 40.9ms | user=anonymous
2026-05-23 19:06:58 | ERROR    | app.main:181 | Health: Supabase DB caída | [Errno -2] Name or service not known
2026-05-23 19:06:58 | ERROR    | app.core.middleware:102 | ✗ [cc006a21] GET /health | 503 | 15.05ms | user=anonymous
2026-05-23 19:07:28 | ERROR    | app.main:181 | Health: Supabase DB caída | [Errno -2] Name or service not known
2026-05-23 19:07:28 | ERROR    | app.core.middleware:102 | ✗ [4342bb1b] GET /health | 503 | 18.52ms | user=anonymous
2026-05-23 19:07:58 | ERROR    | app.main:181 | Health: Supabase DB caída | [Errno -2] Name or service not known
2026-05-23 19:07:58 | ERROR    | app.core.middleware:102 | ✗ [ac29762a] GET /health | 503 | 13.76ms | user=anonymous
2026-05-23 19:08:28 | ERROR    | app.main:181 | Health: Supabase DB caída | [Errno -2] Name or service not known
2026-05-23 19:08:28 | ERROR    | app.core.middleware:102 | ✗ [b56fac6d] GET /health | 503 | 13.22ms | user=anonymous
2026-05-23 19:08:58 | ERROR    | app.main:181 | Health: Supabase DB caída | [Errno -2] Name or service not known
2026-05-23 19:08:58 | ERROR    | app.core.middleware:102 | ✗ [763afdcd] GET /health | 503 | 11.59ms | user=anonymous
2026-05-23 19:09:28 | ERROR    | app.main:181 | Health: Supabase DB caída | [Errno -2] Name or service not known
2026-05-23 19:09:28 | ERROR    | app.core.middleware:102 | ✗ [f64b76f0] GET /health | 503 | 12.4ms | user=anonymous
2026-05-23 19:09:58 | ERROR    | app.main:181 | Health: Supabase DB caída | [Errno -2] Name or service not known
2026-05-23 19:09:58 | ERROR    | app.core.middleware:102 | ✗ [efa91763] GET /health | 503 | 13.02ms | user=anonymous
2026-05-23 19:10:29 | ERROR    | app.main:181 | Health: Supabase DB caída | [Errno -2] Name or service not known
2026-05-23 19:10:29 | ERROR    | app.core.middleware:102 | ✗ [667c6b72] GET /health | 503 | 180.42ms | user=anonymous
2026-05-23 19:10:59 | ERROR    | app.main:181 | Health: Supabase DB caída | [Errno -2] Name or service not known
2026-05-23 19:10:59 | ERROR    | app.core.middleware:102 | ✗ [25992e77] GET /health | 503 | 12.8ms | user=anonymous
2026-05-23 19:11:29 | ERROR    | app.main:181 | Health: Supabase DB caída | [Errno -2] Name or service not known
2026-05-23 19:11:29 | ERROR    | app.core.middleware:102 | ✗ [605251a0] GET /health | 503 | 16.39ms | user=anonymous
2026-05-23 19:11:59 | ERROR    | app.main:181 | Health: Supabase DB caída | [Errno -2] Name or service not known
2026-05-23 19:11:59 | ERROR    | app.core.middleware:102 | ✗ [9dd60c4b] GET /health | 503 | 180.34ms | user=anonymous
2026-05-23 19:12:29 | ERROR    | app.main:181 | Health: Supabase DB caída | [Errno -2] Name or service not known
2026-05-23 19:12:29 | ERROR    | app.core.middleware:102 | ✗ [50285fe3] GET /health | 503 | 15.22ms | user=anonymous
2026-05-23 19:12:59 | ERROR    | app.main:181 | Health: Supabase DB caída | [Errno -2] Name or service not known
2026-05-23 19:12:59 | ERROR    | app.core.middleware:102 | ✗ [f64353b1] GET /health | 503 | 15.46ms | user=anonymous
2026-05-23 19:13:29 | ERROR    | app.main:181 | Health: Supabase DB caída | [Errno -2] Name or service not known
2026-05-23 19:13:29 | ERROR    | app.core.middleware:102 | ✗ [126827db] GET /health | 503 | 184.47ms | user=anonymous
2026-05-23 19:13:59 | ERROR    | app.main:181 | Health: Supabase DB caída | [Errno -2] Name or service not known
2026-05-23 19:13:59 | ERROR    | app.core.middleware:102 | ✗ [decc5f6a] GET /health | 503 | 12.86ms | user=anonymous
2026-05-23 19:14:30 | ERROR    | app.main:181 | Health: Supabase DB caída | [Errno -2] Name or service not known
2026-05-23 19:14:30 | ERROR    | app.core.middleware:102 | ✗ [3218adbc] GET /health | 503 | 17.5ms | user=anonymous
2026-05-23 19:15:00 | ERROR    | app.main:181 | Health: Supabase DB caída | [Errno -2] Name or service not known
2026-05-23 19:15:00 | ERROR    | app.core.middleware:102 | ✗ [ae4735ee] GET /health | 503 | 186.22ms | user=anonymous
2026-05-23 19:15:30 | ERROR    | app.main:181 | Health: Supabase DB caída | [Errno -2] Name or service not known
2026-05-23 19:15:30 | ERROR    | app.core.middleware:102 | ✗ [ad2d59b0] GET /health | 503 | 16.59ms | user=anonymous
2026-05-23 19:16:00 | ERROR    | app.main:181 | Health: Supabase DB caída | [Errno -2] Name or service not known
2026-05-23 19:16:00 | ERROR    | app.core.middleware:102 | ✗ [c3c0214d] GET /health | 503 | 12.55ms | user=anonymous
2026-05-23 19:16:30 | ERROR    | app.main:181 | Health: Supabase DB caída | [Errno -2] Name or service not known
2026-05-23 19:16:30 | ERROR    | app.core.middleware:102 | ✗ [4a2e1094] GET /health | 503 | 193.15ms | user=anonymous
2026-05-23 19:17:00 | ERROR    | app.main:181 | Health: Supabase DB caída | [Errno -2] Name or service not known
2026-05-23 19:17:00 | ERROR    | app.core.middleware:102 | ✗ [27661e65] GET /health | 503 | 18.34ms | user=anonymous
2026-05-23 19:17:31 | ERROR    | app.main:181 | Health: Supabase DB caída | [Errno -2] Name or service not known
2026-05-23 19:17:31 | ERROR    | app.core.middleware:102 | ✗ [9bc48c79] GET /health | 503 | 196.25ms | user=anonymous
2026-05-23 19:33:25 | ERROR    | app.main:181 | Health: Supabase DB caída | [Errno -2] Name or service not known
2026-05-23 19:33:25 | ERROR    | app.core.middleware:102 | ✗ [926e1527] GET /health | 503 | 15.99ms | user=anonymous
2026-05-23 19:33:55 | ERROR    | app.main:181 | Health: Supabase DB caída | [Errno -2] Name or service not known
2026-05-23 19:33:55 | ERROR    | app.core.middleware:102 | ✗ [2768c4a6] GET /health | 503 | 189.47ms | user=anonymous
2026-05-23 19:49:28 | ERROR    | app.main:181 | Health: Supabase DB caída | [Errno -2] Name or service not known
2026-05-23 19:49:28 | ERROR    | app.core.middleware:102 | ✗ [4944d3c2] GET /health | 503 | 12.0ms | user=anonymous
2026-05-23 19:49:58 | ERROR    | app.main:181 | Health: Supabase DB caída | [Errno -2] Name or service not known
2026-05-23 19:49:58 | ERROR    | app.core.middleware:102 | ✗ [62d195f1] GET /health | 503 | 17.33ms | user=anonymous
2026-05-23 19:50:28 | ERROR    | app.main:181 | Health: Supabase DB caída | [Errno -2] Name or service not known
2026-05-23 19:50:28 | ERROR    | app.core.middleware:102 | ✗ [783f63a8] GET /health | 503 | 222.75ms | user=anonymous
2026-05-23 19:50:58 | ERROR    | app.main:181 | Health: Supabase DB caída | [Errno -2] Name or service not known
2026-05-23 19:50:58 | ERROR    | app.core.middleware:102 | ✗ [af4a6b5b] GET /health | 503 | 14.56ms | user=anonymous
2026-05-23 19:51:28 | ERROR    | app.main:181 | Health: Supabase DB caída | [Errno -2] Name or service not known
2026-05-23 19:51:28 | ERROR    | app.core.middleware:102 | ✗ [2ad267eb] GET /health | 503 | 13.79ms | user=anonymous
2026-05-23 19:51:59 | ERROR    | app.main:181 | Health: Supabase DB caída | [Errno -2] Name or service not known
2026-05-23 19:51:59 | ERROR    | app.core.middleware:102 | ✗ [d0a6df6a] GET /health | 503 | 174.35ms | user=anonymous
2026-05-23 19:52:29 | ERROR    | app.main:181 | Health: Supabase DB caída | [Errno -2] Name or service not known
2026-05-23 19:52:29 | ERROR    | app.core.middleware:102 | ✗ [244bde12] GET /health | 503 | 13.59ms | user=anonymous
2026-05-23 19:52:59 | ERROR    | app.main:181 | Health: Supabase DB caída | [Errno -2] Name or service not known
2026-05-23 19:52:59 | ERROR    | app.core.middleware:102 | ✗ [203d3f26] GET /health | 503 | 13.35ms | user=anonymous
2026-05-23 19:53:29 | ERROR    | app.main:181 | Health: Supabase DB caída | {'message': 'JSON could not be generated', 'code': 521, 'hint': 'Refer to full message for details', 'details': 'b\'<!DO
2026-05-23 19:53:30 | ERROR    | app.core.middleware:102 | ✗ [4cd55204] GET /health | 503 | 1402.61ms | user=anonymous
2026-05-23 19:54:01 | ERROR    | app.main:181 | Health: Supabase DB caída | {'message': "Could not find the table 'public.empresas' in the schema cache", 'code': 'PGRST205', 'hint': None, 'details
2026-05-23 19:54:02 | ERROR    | app.core.middleware:102 | ✗ [2d499800] GET /health | 503 | 1380.48ms | user=anonymous
2026-05-23 19:54:32 | ERROR    | app.main:181 | Health: Supabase DB caída | {'message': "Could not find the table 'public.empresas' in the schema cache", 'code': 'PGRST205', 'hint': None, 'details
2026-05-23 19:54:33 | ERROR    | app.core.middleware:102 | ✗ [07b2f606] GET /health | 503 | 1237.68ms | user=anonymous
